
D:\Delphi\DbBase_Component\FastReport4\RES\Russian>cd /d "D:\Delphi\DbBase_Component\FastReport4\LibD7\" 

D:\Delphi\DbBase_Component\FastReport4\LibD7>"C:\Program Files\Borland\Delphi7\Bin\dcc32.exe" frx7.dpk -M -Z -DTeeChartStd;QBUILDER 
Borland Delphi Version 15.0
Copyright (c) 1983,2002 Borland Software Corporation

frx7.dpk(1) 
frx.inc(232) 

frx7.dpk(35) 
frx7.dpk(38) 
frx7.dpk(40) 
frx7.dpk(42) 
frx7.dpk(42) 
frx7.dpk(42) 
frx7.dpk(146) 
frxAggregate.pas(1) 
frx.inc(232)        

frxAggregate.pas(20) 
frxAggregate.pas(20) 
frxAggregate.pas(20) 
frxAggregate.pas(20) 
frxAggregate.pas(20) 
frxAggregate.pas(20) 
frxAggregate.pas(20) 
frxAggregate.pas(20) 
frxAggregate.pas(20) 
frxAggregate.pas(20) 
frxAggregate.pas(20) 
frxAggregate.pas(20) 
frxAggregate.pas(20) 
frxAggregate.pas(20) 
frxAggregate.pas(20) 
frxAggregate.pas(20) 
frxAggregate.pas(20) 
frxAggregate.pas(20) 
frxAggregate.pas(20) 
frxAggregate.pas(20) 
frxAggregate.pas(20) 
frxAggregate.pas(20) 
frxAggregate.pas(20) 
frxAggregate.pas(20) 
frxAggregate.pas(20) 
frxAggregate.pas(20) 
frxAggregate.pas(20) 
frxAggregate.pas(20) 
frxAggregate.pas(20) 
frxAggregate.pas(20) 
frxAggregate.pas(20) 
frxAggregate.pas(20) 
frxAggregate.pas(20) 
frxAggregate.pas(20) 
frxAggregate.pas(20) 
frxAggregate.pas(20) 
frxAggregate.pas(20) 
frxAggregate.pas(20) 
frxAggregate.pas(20) 
frxAggregate.pas(20) 
frxAggregate.pas(20) 
frxAggregate.pas(20) 
frxAggregate.pas(20) 
frxAggregate.pas(20) 
frxAggregate.pas(20) 
frxAggregate.pas(20) 
frxAggregate.pas(20) 
frxAggregate.pas(20) 
frxAggregate.pas(20) 
frxAggregate.pas(20) 
frxAggregate.pas(20) 
frxAggregate.pas(20) 
frxAggregate.pas(20) 
frxAggregate.pas(20) 
frxAggregate.pas(20) 
frxAggregate.pas(20) 
frxAggregate.pas(20) 
frxAggregate.pas(20) 
frxAggregate.pas(20) 
frxAggregate.pas(20) 
frxClass.pas(1)      
frx.inc(232)    

frxClass.pas(20) 
frxClass.pas(20) 
frxClass.pas(20) 
frxClass.pas(20) 
frxClass.pas(20) 
frxClass.pas(20) 
frxClass.pas(20) 
frxClass.pas(21) 
frxClass.pas(21) 
frxClass.pas(21) 
frxClass.pas(21) 
frxClass.pas(21) 
frxVariables.pas(1) 
frx.inc(232)        

frxVariables.pas(20) 
frxVariables.pas(20) 
frxVariables.pas(20) 
frxVariables.pas(20) 
frxVariables.pas(20) 
frxVariables.pas(20) 
frxVariables.pas(20) 
frxVariables.pas(21) 
frxVariables.pas(21) 
frxXML.pas(1)        
frx.inc(232)  

frxXML.pas(20) 
frxXML.pas(20) 
frxXML.pas(22) 
frxXML.pas(26) 
frxXML.pas(163) 
frxXML.pas(166) 
frxXML.pas(281) 
frxXML.pas(793) 
frxXML.pas(1086) 

frxVariables.pas(23) 
frxVariables.pas(27) 
frxVariables.pas(82) 
frxXMLSerializer.pas(1) 
frx.inc(232)            

frxXMLSerializer.pas(20) 
frxXMLSerializer.pas(20) 
frxXMLSerializer.pas(20) 
frxXMLSerializer.pas(20) 
frxXMLSerializer.pas(20) 
frxXMLSerializer.pas(20) 
frxXMLSerializer.pas(20) 
frxXMLSerializer.pas(21) 
frxXMLSerializer.pas(21) 
frxXMLSerializer.pas(21) 
frxClass.pas(21)         
frxClass.pas(21) 
frxClass.pas(21) 
frxProgress.pas(1) 
frx.inc(232)       

frxProgress.pas(20) 
frxProgress.pas(20) 
frxProgress.pas(20) 
frxProgress.pas(20) 
frxProgress.pas(20) 
frxProgress.pas(20) 
frxProgress.pas(20) 
frxProgress.pas(21) 
frxProgress.pas(21) 
frxProgress.pas(21) 
frxProgress.pas(23) 
frxProgress.pas(60) 
frxRes.pas(1)       
frx.inc(232)  

frxRes.pas(20) 
frxRes.pas(20) 
frxRes.pas(20) 
frxRes.pas(20) 
frxRes.pas(20) 
frxRes.pas(20) 
frxRes.pas(20) 
frxRes.pas(20) 
frxRes.pas(20) 
frxUnicodeUtils.pas(1) 
frx.inc(232)           

frxUnicodeUtils.pas(16) 
frxUnicodeUtils.pas(16) 
frxUnicodeUtils.pas(21) 
frxUnicodeUtils.pas(281) 
frxUnicodeUtils.pas(771) 

frxRes.pas(22) 
frxRes.pas(31) 
frxRes.pas(84) 
frxUtils.pas(1) 
frx.inc(232)    

frxUtils.pas(20) 
frxUtils.pas(20) 
frxUtils.pas(20) 
frxUtils.pas(20) 
frxUtils.pas(20) 
frxUtils.pas(20) 
frxUtils.pas(21) 
frxUtils.pas(21) 
frxUtils.pas(21) 
frxUtils.pas(21) 
frxUtils.pas(21) 
frxUtils.pas(21) 
frxClass.pas(22) 
frxClass.pas(22) 
frxClass.pas(22) 
frxClass.pas(22) 
frxClass.pas(22) 
frxClass.pas(22) 
frxClass.pas(22) 
frxClass.pas(22) 
frxClass.pas(22) 
frxClass.pas(22) 
frxClass.pas(22) 
frxClass.pas(22) 
frxClass.pas(22) 
frxClass.pas(22) 
frxClass.pas(24) 
frxClass.pas(27) 
frxClass.pas(34) 
frxClass.pas(281) 
frxClass.pas(793) 
frxClass.pas(1305) 
frxClass.pas(1817) 
frxClass.pas(2329) 
frxVersion.inc(1)  

frxClass.pas(2574) 
frxClass.pas(2574) 
frxEngine.pas(1)   
frx.inc(232)     

frxEngine.pas(20) 
frxEngine.pas(20) 
frxEngine.pas(20) 
frxEngine.pas(20) 
frxEngine.pas(20) 
frxEngine.pas(20) 
frxEngine.pas(20) 
frxEngine.pas(21) 
frxEngine.pas(21) 
frxAggregate.pas(22) 
frxAggregate.pas(26) 
frxAggregate.pas(90) 
frxUtils.pas(23)     
frxUtils.pas(26) 
frxXMLSerializer.pas(23) 
frxXMLSerializer.pas(27) 
frxXMLSerializer.pas(73) 
frxXMLSerializer.pas(73) 
frxXMLSerializer.pas(76) 
frxXMLSerializer.pas(281) 
frxXMLSerializer.pas(793) 
frxXMLSerializer.pas(866) 

frxUtils.pas(99) 
frxUtils.pas(99) 
frxUtils.pas(104) 
frxUtils.pas(281) 
frxUtils.pas(793) 
frxUtils.pas(1112) 

frxAggregate.pas(92) 
frxAggregate.pas(281) 
frxAggregate.pas(721) 

frxEngine.pas(21) 
frxEngine.pas(21) 
frxEngine.pas(21) 
frxDMPClass.pas(1) 
frx.inc(232)       

frxDMPClass.pas(20) 
frxDMPClass.pas(20) 
frxDMPClass.pas(20) 
frxDMPClass.pas(20) 
frxDMPClass.pas(20) 
frxDMPClass.pas(20) 
frxDMPClass.pas(20) 
frxDMPClass.pas(21) 
frxDMPClass.pas(23) 
frxDMPClass.pas(30) 
frxDMPClass.pas(164) 
frxDMPClass.pas(164) 
frxDsgnIntf.pas(1)   
frx.inc(232)       

frxDsgnIntf.pas(20) 
frxDsgnIntf.pas(20) 
frxDsgnIntf.pas(20) 
frxDsgnIntf.pas(20) 
frxDsgnIntf.pas(20) 
frxDsgnIntf.pas(20) 
frxDsgnIntf.pas(21) 
frxDsgnIntf.pas(21) 
frxDsgnIntf.pas(21) 
frxDsgnIntf.pas(23) 
frxDsgnIntf.pas(27) 
frxDsgnIntf.pas(281) 
frxDsgnIntf.pas(404) 
frxDsgnIntf.pas(404) 
frxDsgnIntf.pas(404) 
frxDsgnIntf.pas(404) 
frxDsgnIntf.pas(406) 
frxDsgnIntf.pas(793) 
frxDsgnIntf.pas(1305) 
frxDsgnIntf.pas(1817) 
frxDsgnIntf.pas(1964) 

frxDMPClass.pas(164) 
frxDMPClass.pas(167) 
frxDMPClass.pas(281) 
frxDMPClass.pas(604) 

frxEngine.pas(23) 
frxEngine.pas(27) 
frxEngine.pas(143) 
frxEngine.pas(143) 
frxPreviewPages.pas(1) 
frx.inc(232)           

frxPreviewPages.pas(20) 
frxPreviewPages.pas(20) 
frxPreviewPages.pas(20) 
frxPreviewPages.pas(20) 
frxPreviewPages.pas(20) 
frxPreviewPages.pas(20) 
frxPreviewPages.pas(20) 
frxPreviewPages.pas(21) 
frxPreviewPages.pas(21) 
frxPreviewPages.pas(21) 
frxPreviewPages.pas(21) 
frxPictureCache.pas(1)  
frx.inc(232)           

frxPictureCache.pas(20) 
frxPictureCache.pas(20) 
frxPictureCache.pas(20) 
frxPictureCache.pas(20) 
frxPictureCache.pas(20) 
frxPictureCache.pas(20) 
frxPictureCache.pas(20) 
frxPictureCache.pas(21) 
frxPictureCache.pas(21) 
frxPictureCache.pas(23) 
frxPictureCache.pas(27) 
frxPictureCache.pas(281) 
frxPictureCache.pas(395) 

frxPreviewPages.pas(23) 
frxPreviewPages.pas(27) 
frxPreviewPages.pas(145) 
frxPreview.pas(1)        
frx.inc(232)      

frxPreview.pas(20) 
frxPreview.pas(20) 
frxPreview.pas(20) 
frxPreview.pas(20) 
frxPreview.pas(20) 
frxPreview.pas(20) 
frxPreview.pas(20) 
frxPreview.pas(21) 
frxPreview.pas(21) 
frxPreview.pas(21) 
frxPreview.pas(21) 
frxPreview.pas(21) 
frxPreview.pas(21) 
frxPreview.pas(21) 
frxPreview.pas(21) 
frxCtrls.pas(1)    
frx.inc(232)    

frxCtrls.pas(36) 
frxCtrls.pas(36) 
frxCtrls.pas(36) 
frxCtrls.pas(36) 
frxCtrls.pas(36) 
frxCtrls.pas(36) 
frxCtrls.pas(36) 
frxCtrls.pas(37) 
frxCtrls.pas(37) 
frxCtrls.pas(37) 
frxCtrls.pas(37) 
frxCtrls.pas(37) 
frxCtrls.pas(37) 
frxCtrls.pas(39) 
frxCtrls.pas(43) 
frxCtrls.pas(281) 
frxCtrls.pas(292) 
frxPrinter.pas(1) 
frx.inc(232)      

frxPrinter.pas(20) 
frxPrinter.pas(20) 
frxPrinter.pas(20) 
frxPrinter.pas(20) 
frxPrinter.pas(20) 
frxPrinter.pas(22) 
frxPrinter.pas(26) 
frxPrinter.pas(196) 
frxPrinter.pas(196) 
frxPrinter.pas(196) 
frxPrinter.pas(199) 
frxPrinter.pas(281) 
frxPrinter.pas(793) 
frxPrinter.pas(1007) 

frxCtrls.pas(292) 
frxCtrls.pas(294) 
frxCtrls.pas(793) 
frxCtrls.pas(1305) 
frxCtrls.pas(1354) 

frxPreview.pas(21) 
frxPreview.pas(21) 
frxDock.pas(1)     
frx.inc(232)   

frxDock.pas(20) 
frxDock.pas(20) 
frxDock.pas(20) 
frxDock.pas(20) 
frxDock.pas(20) 
frxDock.pas(20) 
frxDock.pas(20) 
frxDock.pas(21) 
frxDock.pas(21) 
frxDock.pas(21) 
frxDock.pas(21) 
frxDock.pas(21) 
frxDock.pas(23) 
frxDock.pas(27) 
frxDock.pas(69) 
frxDock.pas(71) 
frxDock.pas(281) 
frxDock.pas(568) 

frxPreview.pas(23) 
frxPreview.pas(23) 
frxPreview.pas(23) 
frxPreview.pas(25) 
frxPreview.pas(29) 
frxPreview.pas(281) 
frxPreview.pas(368) 
frxPreview.pas(368) 
frxPreview.pas(368) 
frxSearchDialog.pas(1) 
frx.inc(232)           

frxSearchDialog.pas(20) 
frxSearchDialog.pas(20) 
frxSearchDialog.pas(20) 
frxSearchDialog.pas(20) 
frxSearchDialog.pas(20) 
frxSearchDialog.pas(20) 
frxSearchDialog.pas(20) 
frxSearchDialog.pas(21) 
frxSearchDialog.pas(21) 
frxSearchDialog.pas(23) 
frxSearchDialog.pas(54) 
frxSearchDialog.pas(101) 

frxPreview.pas(368) 
frxPreview.pas(368) 
frxPreview.pas(368) 
frxPreview.pas(369) 
frxPreview.pas(369) 
frxPreviewPageSettings.pas(1) 
frx.inc(232)                  

frxPreviewPageSettings.pas(20) 
frxPreviewPageSettings.pas(20) 
frxPreviewPageSettings.pas(20) 
frxPreviewPageSettings.pas(20) 
frxPreviewPageSettings.pas(20) 
frxPreviewPageSettings.pas(20) 
frxPreviewPageSettings.pas(20) 
frxPreviewPageSettings.pas(21) 
frxPreviewPageSettings.pas(21) 
frxPreviewPageSettings.pas(21) 
frxPreviewPageSettings.pas(23) 
frxPreviewPageSettings.pas(26) 
frxPreviewPageSettings.pas(89) 
frxPreviewPageSettings.pas(89) 
frxPreviewPageSettings.pas(89) 
frxPreviewPageSettings.pas(89) 
frxPreviewPageSettings.pas(92) 
frxPreviewPageSettings.pas(258) 

frxPreview.pas(369) 
frxPreview.pas(372) 
frxPreview.pas(793) 
frxPreview.pas(1305) 
frxPreview.pas(1817) 
frxPreview.pas(2329) 
frxPreview.pas(2686) 

frxPreviewPages.pas(145) 
frxPreviewPages.pas(145) 
frxPreviewPages.pas(145) 
frxPreviewPages.pas(145) 
frxPrintDialog.pas(1)    
frx.inc(232)          

frxPrintDialog.pas(20) 
frxPrintDialog.pas(20) 
frxPrintDialog.pas(20) 
frxPrintDialog.pas(20) 
frxPrintDialog.pas(20) 
frxPrintDialog.pas(20) 
frxPrintDialog.pas(20) 
frxPrintDialog.pas(21) 
frxPrintDialog.pas(21) 
frxPrintDialog.pas(21) 
frxPrintDialog.pas(21) 
frxPrintDialog.pas(21) 
frxPrintDialog.pas(21) 
frxPrintDialog.pas(23) 
frxPrintDialog.pas(23) 
frxPrintDialog.pas(27) 
frxPrintDialog.pas(96) 
frxPrintDialog.pas(96) 
frxPrintDialog.pas(96) 
frxPrintDialog.pas(99) 
frxPrintDialog.pas(281) 
frxPrintDialog.pas(325) 

frxPreviewPages.pas(145) 
frxPreviewPages.pas(145) 
frxPreviewPages.pas(146) 
frxPreviewPages.pas(146) 
frxPreviewPages.pas(146) 
frxPreviewPages.pas(148) 
frxPreviewPages.pas(281) 
frxPreviewPages.pas(793) 
frxPreviewPages.pas(1305) 
frxPreviewPages.pas(1817) 
frxPreviewPages.pas(2329) 
frxPreviewPages.pas(2371) 

frxEngine.pas(143) 
frxEngine.pas(145) 
frxEngine.pas(281) 
frxEngine.pas(793) 
frxEngine.pas(1305) 
frxEngine.pas(1817) 
frxEngine.pas(2329) 
frxEngine.pas(2675) 

frxClass.pas(2574) 
frxClass.pas(2574) 
frxClass.pas(2574) 
frxClass.pas(2574) 
frxClass.pas(2575) 
frxClass.pas(2575) 
frxPassw.pas(1)    
frx.inc(232)    

frxPassw.pas(20) 
frxPassw.pas(20) 
frxPassw.pas(20) 
frxPassw.pas(20) 
frxPassw.pas(20) 
frxPassw.pas(20) 
frxPassw.pas(21) 
frxPassw.pas(21) 
frxPassw.pas(21) 
frxPassw.pas(23) 
frxPassw.pas(27) 
frxPassw.pas(47) 
frxPassw.pas(62) 

frxClass.pas(2575) 
frxClass.pas(2575) 
frxGraphicUtils.pas(1) 
frx.inc(232)           

frxGraphicUtils.pas(20) 
frxGraphicUtils.pas(20) 
frxGraphicUtils.pas(20) 
frxGraphicUtils.pas(20) 
frxGraphicUtils.pas(20) 
frxGraphicUtils.pas(20) 
frxGraphicUtils.pas(20) 
frxGraphicUtils.pas(21) 
frxGraphicUtils.pas(21) 
frxGraphicUtils.pas(23) 
frxGraphicUtils.pas(30) 
frxGraphicUtils.pas(174) 
frxGraphicUtils.pas(176) 
frxGraphicUtils.pas(281) 
frxGraphicUtils.pas(793) 
frxGraphicUtils.pas(1305) 
frxGraphicUtils.pas(1794) 

frxClass.pas(2575) 
frxClass.pas(2575) 
frxDialogForm.pas(1) 
frx.inc(232)         

frxDialogForm.pas(20) 
frxDialogForm.pas(20) 
frxDialogForm.pas(20) 
frxDialogForm.pas(20) 
frxDialogForm.pas(20) 
frxDialogForm.pas(20) 
frxDialogForm.pas(20) 
frxDialogForm.pas(22) 
frxDialogForm.pas(25) 
frxDialogForm.pas(81) 

frxClass.pas(2575) 
frxClass.pas(2575) 
frxClass.pas(2576) 
frxClass.pas(2576) 
frxClass.pas(2576) 
frxrcClass.pas(1)  
frxrcClass.pas(20) 
frxrcClass.pas(96) 

frxClass.pas(2576) 
frxClass.pas(2576) 
frxClassRTTI.pas(1) 
frx.inc(232)        

frxClassRTTI.pas(24) 
frxClassRTTI.pas(24) 
frxClassRTTI.pas(24) 
frxClassRTTI.pas(24) 
frxClassRTTI.pas(24) 
frxClassRTTI.pas(25) 
frxClassRTTI.pas(25) 
frxClassRTTI.pas(25) 
frxClassRTTI.pas(25) 
frxClassRTTI.pas(25) 
frxClassRTTI.pas(25) 
frxClassRTTI.pas(25) 
frxClassRTTI.pas(25) 
frxClassRTTI.pas(25) 
frxClassRTTI.pas(26) 
frxClassRTTI.pas(28) 
frxClassRTTI.pas(28) 
frxClassRTTI.pas(28) 
frxClassRTTI.pas(34) 
frxClassRTTI.pas(34) 
frxpngimage.pas(1)   
frx.inc(232)       

frxpngimage.pas(208) 
frxpngimage.pas(208) 
frxpngimage.pas(208) 
frxpngimage.pas(209) 
frxpngimage.pas(209) 
frxZLib.pas(1)       
frx.inc(232)   

frxZLib.pas(48) 
frxZLib.pas(49) 
frxZLib.pas(51) 
frxZLib.pas(281) 
frxZLib.pas(625) 
frxZLib.pas(630) 

frxpngimage.pas(209) 
frxpngimage.pas(209) 
frxpngimage.pas(211) 
frxpngimage.pas(281) 
frxpngimage.pas(793) 
frxpngimage.pas(1305) 
frxpngimage.pas(1817) 
frxpngimage.pas(2329) 
frxpngimage.pas(2841) 
frxpngimage.pas(3353) 
frxpngimage.pas(3865) 
frxpngimage.pas(4377) 
frxpngimage.pas(4889) 
frxpngimage.pas(5401) 
frxpngimage.pas(5826) 

frxClassRTTI.pas(37) 
frxClassRTTI.pas(41) 
frxClassRTTI.pas(281) 
frxClassRTTI.pas(643) 

frxClass.pas(2576) 
frxClass.pas(2576) 
frxInheritError.pas(1) 
frx.inc(232)           

frxInheritError.pas(20) 
frxInheritError.pas(20) 
frxInheritError.pas(20) 
frxInheritError.pas(20) 
frxInheritError.pas(20) 
frxInheritError.pas(20) 
frxInheritError.pas(21) 
frxInheritError.pas(21) 
frxInheritError.pas(21) 
frxInheritError.pas(21) 
frxInheritError.pas(23) 
frxInheritError.pas(26) 
frxInheritError.pas(50) 
frxInheritError.pas(77) 

frxClass.pas(2577) 
frxClass.pas(2577) 
frxClass.pas(2577) 
frxClass.pas(2577) 
frxClass.pas(2577) 
frxClass.pas(2577) 
frxClass.pas(2577) 
frxClass.pas(2577) 
frxClass.pas(2577) 
frxClass.pas(2578) 
frxClass.pas(2578) 
frxClass.pas(2578) 
frxClass.pas(2578) 
frxClass.pas(2578) 
frxClass.pas(2578) 
frxClass.pas(2578) 
frxClass.pas(2580) 
frxClass.pas(2583) 
frxClass.pas(2587) 
frxClass.pas(2841) 
frxClass.pas(3353) 
frxClass.pas(3865) 
frxClass.pas(4377) 
frxClass.pas(4889) 
frxClass.pas(5401) 
frxClass.pas(5913) 
frxClass.pas(6425) 
frxClass.pas(6937) 
frxClass.pas(7449) 
frxClass.pas(7961) 
frxClass.pas(8473) 
frxClass.pas(8985) 
frxClass.pas(9497) 
frxClass.pas(10009) 
frxClass.pas(10114) 

frxRes.pas(84) 
frxRes.pas(84) 
frxChm.pas(1)  
frx.inc(232)  

frxChm.pas(19) 
frxChm.pas(21) 
frxChm.pas(91) 

frxRes.pas(84) 
frxRes.pas(84) 
frxRes.pas(84) 
frxGZip.pas(1) 
frx.inc(232)   

frxGZip.pas(19) 
frxGZip.pas(19) 
frxGZip.pas(19) 
frxGZip.pas(19) 
frxGZip.pas(21) 
frxGZip.pas(43) 
frxGZip.pas(225) 

frxRes.pas(84) 
frxRes.pas(86) 
frxRes.pas(281) 
frxRes.pas(517) 

frxProgress.pas(64) 
frxProgress.pas(170) 

frxVariables.pas(87) 
frxVariables.pas(281) 
frxVariables.pas(412) 

frx7.dpk(146) 
frx7.dpk(146) 
frx7.dpk(146) 
frx7.dpk(146) 
frx7.dpk(146) 
frx7.dpk(146) 
frx7.dpk(146) 
frx7.dpk(146) 
frxDMPExport.pas(1) 
frx.inc(232)        

frxDMPExport.pas(20) 
frxDMPExport.pas(20) 
frxDMPExport.pas(20) 
frxDMPExport.pas(20) 
frxDMPExport.pas(20) 
frxDMPExport.pas(20) 
frxDMPExport.pas(20) 
frxDMPExport.pas(21) 
frxDMPExport.pas(21) 
frxDMPExport.pas(21) 
frxDMPExport.pas(21) 
frxDMPExport.pas(21) 
frxDMPExport.pas(21) 
frxDMPExport.pas(21) 
frxDMPExport.pas(23) 
frxDMPExport.pas(26) 
frxDMPExport.pas(187) 
frxDMPExport.pas(187) 
frxDMPExport.pas(187) 
frxDMPExport.pas(187) 
frxDMPExport.pas(187) 
frxDMPExport.pas(191) 
frxDMPExport.pas(281) 
frxDMPExport.pas(793) 
frxDMPExport.pas(1037) 

frx7.dpk(146) 
frx7.dpk(146) 
frx7.dpk(146) 
frx7.dpk(146) 
frx7.dpk(146) 
frx7.dpk(146) 
frx7.dpk(146) 
frx7.dpk(146) 
frx7.dpk(146) 
frx7.dpk(146) 
frx7.dpk(146) 
frx7.dpk(146) 
frx7.dpk(146) 
frx7.dpk(146) 
frx7.dpk(146) 
frx7.dpk(146) 
frx7.dpk(146) 
frx7.dpk(146) 
frx7.dpk(146) 
frx7.dpk(146) 
frx7.dpk(146) 
frxMD5.pas(1) 
frx.inc(232)  

frxMD5.pas(37) 
frxMD5.pas(184) 
frxMD5.pas(281) 
frxMD5.pas(554) 

frx7.dpk(146) 
frx7.dpk(146) 
frxAbout.pas(1) 
frx.inc(232)    

frxAbout.pas(20) 
frxAbout.pas(20) 
frxAbout.pas(20) 
frxAbout.pas(20) 
frxAbout.pas(20) 
frxAbout.pas(20) 
frxAbout.pas(20) 
frxAbout.pas(21) 
frxAbout.pas(21) 
frxAbout.pas(23) 
frxAbout.pas(56) 
frxAbout.pas(56) 
frxAbout.pas(56) 
frxAbout.pas(61) 
frxAbout.pas(142) 

frx7.dpk(146) 
frx7.dpk(146) 
frxCodeUtils.pas(1) 
frx.inc(232)        

frxCodeUtils.pas(20) 
frxCodeUtils.pas(20) 
frxCodeUtils.pas(20) 
frxCodeUtils.pas(22) 
frxCodeUtils.pas(26) 
frxCodeUtils.pas(40) 
frxCodeUtils.pas(278) 

frx7.dpk(146) 
frx7.dpk(146) 
frxConnEditor.pas(1) 
frx.inc(232)         

frxConnEditor.pas(20) 
frxConnEditor.pas(20) 
frxConnEditor.pas(20) 
frxConnEditor.pas(20) 
frxConnEditor.pas(20) 
frxConnEditor.pas(20) 
frxConnEditor.pas(20) 
frxConnEditor.pas(21) 
frxConnEditor.pas(21) 
frxConnEditor.pas(21) 
frxConnEditor.pas(21) 
frxConnEditor.pas(21) 
frxConnEditor.pas(21) 
frxConnEditor.pas(21) 
frxConnEditor.pas(26) 
frxConnEditor.pas(61) 
frxDesgn.pas(1)       
frx.inc(232)    

frxDesgn.pas(21) 
frxDesgn.pas(21) 
frxDesgn.pas(21) 
frxDesgn.pas(21) 
frxDesgn.pas(21) 
frxDesgn.pas(21) 
frxDesgn.pas(21) 
frxDesgn.pas(22) 
frxDesgn.pas(22) 
frxDesgn.pas(22) 
frxDesgn.pas(22) 
frxDesgn.pas(22) 
frxDesgn.pas(22) 
frxDesgn.pas(22) 
frxDesgn.pas(22) 
frxDesgn.pas(23) 
frxDesgn.pas(23) 
frxDesgn.pas(23) 
frxDesgn.pas(23) 
frxDesgn.pas(23) 
frxDesgn.pas(23) 
frxDesgnCtrls.pas(1) 
frx.inc(232)         

frxDesgnCtrls.pas(20) 
frxDesgnCtrls.pas(20) 
frxDesgnCtrls.pas(20) 
frxDesgnCtrls.pas(20) 
frxDesgnCtrls.pas(20) 
frxDesgnCtrls.pas(20) 
frxDesgnCtrls.pas(20) 
frxDesgnCtrls.pas(21) 
frxDesgnCtrls.pas(21) 
frxDesgnCtrls.pas(21) 
frxDesgnCtrls.pas(21) 
frxDesgnCtrls.pas(21) 
frxDesgnCtrls.pas(21) 
frxDesgnCtrls.pas(21) 
frxDesgnCtrls.pas(22) 
frxDesgnCtrls.pas(24) 
frxDesgnCtrls.pas(28) 
frxDesgnCtrls.pas(149) 
frxDesgnCtrls.pas(149) 
frxPopupForm.pas(1)    
frx.inc(232)        

frxPopupForm.pas(20) 
frxPopupForm.pas(20) 
frxPopupForm.pas(20) 
frxPopupForm.pas(20) 
frxPopupForm.pas(20) 
frxPopupForm.pas(20) 
frxPopupForm.pas(20) 
frxPopupForm.pas(21) 
frxPopupForm.pas(23) 
frxPopupForm.pas(27) 
frxPopupForm.pas(62) 

frxDesgnCtrls.pas(149) 
frxDesgnCtrls.pas(149) 
frxDesgnCtrls.pas(149) 
frxDesgnCtrls.pas(149) 
frxDesgnCtrls.pas(150) 
frxDesgnCtrls.pas(150) 
frxDesgnCtrls.pas(152) 
frxDesgnCtrls.pas(281) 
frxDesgnCtrls.pas(793) 
frxDesgnCtrls.pas(1086) 

frxDesgn.pas(23) 
frxDesgn.pas(23) 
frxDesgnWorkspace.pas(1) 
frx.inc(232)             

frxDesgnWorkspace.pas(20) 
frxDesgnWorkspace.pas(20) 
frxDesgnWorkspace.pas(20) 
frxDesgnWorkspace.pas(20) 
frxDesgnWorkspace.pas(20) 
frxDesgnWorkspace.pas(20) 
frxDesgnWorkspace.pas(21) 
frxDesgnWorkspace.pas(21) 
frxDesgnWorkspace.pas(21) 
frxDesgnWorkspace.pas(21) 
frxDesgnWorkspace.pas(21) 
frxDesgnWorkspace.pas(21) 
frxDesgnWorkspace.pas(21) 
frxUnicodeCtrls.pas(1)    
frx.inc(232)           

frxUnicodeCtrls.pas(16) 
frxUnicodeCtrls.pas(16) 
frxUnicodeCtrls.pas(16) 
frxUnicodeCtrls.pas(16) 
frxUnicodeCtrls.pas(16) 
frxUnicodeCtrls.pas(16) 
frxUnicodeCtrls.pas(16) 
frxRichEdit.pas(1)      
frx.inc(232)       

frxRichEdit.pas(20) 
frxRichEdit.pas(20) 
frxRichEdit.pas(20) 
frxRichEdit.pas(20) 
frxRichEdit.pas(20) 
frxRichEdit.pas(20) 
frxRichEdit.pas(20) 
frxRichEdit.pas(21) 
frxRichEdit.pas(21) 
frxRichEdit.pas(21) 
frxRichEdit.pas(21) 
frxRichEdit.pas(21) 
frxRichEdit.pas(21) 
frxRichEdit.pas(21) 
frxRichEdit.pas(23) 
frxRichEdit.pas(281) 
frxRichEdit.pas(546) 
frxRichEdit.pas(546) 
frxRichEdit.pas(546) 
frxRichEdit.pas(546) 
frxRichEdit.pas(546) 
frxRichEdit.pas(546) 
frxRichEdit.pas(546) 
frxRichEdit.pas(548) 
frxRichEdit.pas(793) 
frxRichEdit.pas(1305) 
frxRichEdit.pas(1817) 
frxRichEdit.pas(2329) 
frxRichEdit.pas(2841) 
frxRichEdit.pas(3353) 
frxRichEdit.pas(3865) 
frxRichEdit.pas(4377) 
frxRichEdit.pas(4515) 

frxUnicodeCtrls.pas(18) 
frxUnicodeCtrls.pas(55) 
frxUnicodeCtrls.pas(55) 
frxUnicodeCtrls.pas(55) 
frxUnicodeCtrls.pas(57) 
frxUnicodeCtrls.pas(281) 
frxUnicodeCtrls.pas(703) 

frxDesgnWorkspace.pas(23) 
frxDesgnWorkspace.pas(27) 
frxDesgnWorkspace.pas(211) 
frxDesgnWorkspace.pas(211) 
frxDesgnWorkspace.pas(211) 
frxDesgnWorkspace.pas(213) 
frxDesgnWorkspace.pas(281) 
frxDesgnWorkspace.pas(793) 
frxDesgnWorkspace.pas(1305) 
frxDesgnWorkspace.pas(1817) 
frxDesgnWorkspace.pas(2329) 
frxDesgnWorkspace.pas(2841) 
frxDesgnWorkspace.pas(3041) 

frxDesgn.pas(24) 
frxDesgn.pas(24) 
frxInsp.pas(1)   
frx.inc(232)   

frxInsp.pas(20) 
frxInsp.pas(20) 
frxInsp.pas(20) 
frxInsp.pas(20) 
frxInsp.pas(20) 
frxInsp.pas(20) 
frxInsp.pas(21) 
frxInsp.pas(21) 
frxInsp.pas(21) 
frxInsp.pas(21) 
frxInsp.pas(21) 
frxInsp.pas(21) 
frxInsp.pas(22) 
frxInsp.pas(22) 
frxInsp.pas(22) 
frxInsp.pas(27) 
frxInsp.pas(31) 
frxInsp.pas(157) 
frxInsp.pas(157) 
frxrcInsp.pas(1) 
frxrcInsp.pas(20) 
frxrcInsp.pas(226) 

frxInsp.pas(160) 
frxInsp.pas(281) 
frxInsp.pas(793) 
frxInsp.pas(1144) 

frxDesgn.pas(24) 
frxDesgn.pas(24) 
frxDesgn.pas(24) 
frxDataTree.pas(1) 
frx.inc(232)       

frxDataTree.pas(20) 
frxDataTree.pas(20) 
frxDataTree.pas(20) 
frxDataTree.pas(20) 
frxDataTree.pas(20) 
frxDataTree.pas(20) 
frxDataTree.pas(20) 
frxDataTree.pas(21) 
frxDataTree.pas(21) 
frxDataTree.pas(21) 
frxDataTree.pas(21) 
frxDataTree.pas(21) 
frxDataTree.pas(26) 
frxDataTree.pas(30) 
frxDataTree.pas(100) 
frxDataTree.pas(100) 
frxDataTree.pas(102) 
frxDataTree.pas(281) 
frxDataTree.pas(699) 

frxDesgn.pas(24) 
frxDesgn.pas(24) 
frxReportTree.pas(1) 
frx.inc(232)         

frxReportTree.pas(20) 
frxReportTree.pas(20) 
frxReportTree.pas(20) 
frxReportTree.pas(20) 
frxReportTree.pas(20) 
frxReportTree.pas(20) 
frxReportTree.pas(20) 
frxReportTree.pas(21) 
frxReportTree.pas(21) 
frxReportTree.pas(23) 
frxReportTree.pas(27) 
frxReportTree.pas(57) 
frxDesgn.pas(24)      
frxDesgn.pas(24) 
frxSynMemo.pas(1) 
frx.inc(232)      

frxSynMemo.pas(20) 
frxSynMemo.pas(20) 
frxSynMemo.pas(20) 
frxSynMemo.pas(20) 
frxSynMemo.pas(20) 
frxSynMemo.pas(20) 
frxSynMemo.pas(21) 
frxSynMemo.pas(21) 
frxSynMemo.pas(21) 
frxSynMemo.pas(21) 
frxSynMemo.pas(23) 
frxSynMemo.pas(208) 
frxSynMemo.pas(208) 
frxSynMemo.pas(210) 
frxSynMemo.pas(281) 
frxSynMemo.pas(793) 
frxSynMemo.pas(1305) 
frxSynMemo.pas(1817) 
frxSynMemo.pas(2101) 

frxDesgn.pas(25) 
frxDesgn.pas(25) 
frxDesgn.pas(25) 
frxDesgn.pas(25) 
frxWatchForm.pas(1) 
frx.inc(232)        

frxWatchForm.pas(20) 
frxWatchForm.pas(20) 
frxWatchForm.pas(20) 
frxWatchForm.pas(20) 
frxWatchForm.pas(20) 
frxWatchForm.pas(20) 
frxWatchForm.pas(20) 
frxWatchForm.pas(21) 
frxWatchForm.pas(21) 
frxWatchForm.pas(21) 
frxWatchForm.pas(21) 
frxWatchForm.pas(23) 
frxWatchForm.pas(26) 
frxWatchForm.pas(59) 
frxWatchForm.pas(59) 
frxEvaluateForm.pas(1) 
frx.inc(232)           

frxEvaluateForm.pas(20) 
frxEvaluateForm.pas(20) 
frxEvaluateForm.pas(20) 
frxEvaluateForm.pas(20) 
frxEvaluateForm.pas(20) 
frxEvaluateForm.pas(20) 
frxEvaluateForm.pas(20) 
frxEvaluateForm.pas(21) 
frxEvaluateForm.pas(21) 
frxEvaluateForm.pas(23) 
frxEvaluateForm.pas(26) 
frxEvaluateForm.pas(55) 
frxEvaluateForm.pas(120) 

frxWatchForm.pas(61) 
frxWatchForm.pas(180) 

frxDesgn.pas(25) 
frxDesgn.pas(27) 
frxDesgn.pas(37) 
frxDesgn.pas(281) 
frxDesgn.pas(756) 
frxDesgn.pas(756) 
frxDesgn.pas(757) 
frxDesgn.pas(757) 
frxDesgn.pas(757) 
frxDesgn.pas(757) 
frxDesgn.pas(757) 
frxDesgnWorkspace1.pas(1) 
frx.inc(232)              

frxDesgnWorkspace1.pas(20) 
frxDesgnWorkspace1.pas(20) 
frxDesgnWorkspace1.pas(20) 
frxDesgnWorkspace1.pas(20) 
frxDesgnWorkspace1.pas(20) 
frxDesgnWorkspace1.pas(20) 
frxDesgnWorkspace1.pas(21) 
frxDesgnWorkspace1.pas(21) 
frxDesgnWorkspace1.pas(21) 
frxDesgnWorkspace1.pas(21) 
frxDesgnWorkspace1.pas(21) 
frxDesgnWorkspace1.pas(21) 
frxDesgnWorkspace1.pas(22) 
frxDesgnWorkspace1.pas(22) 
frxDesgnWorkspace1.pas(24) 
frxDesgnWorkspace1.pas(28) 
frxDesgnWorkspace1.pas(98) 
frxDesgnWorkspace1.pas(98) 
frxDesgnWorkspace1.pas(98) 
frxDesgnWorkspace1.pas(98) 
frxDesgnWorkspace1.pas(98) 
frxDesgnWorkspace1.pas(100) 
frxDesgnWorkspace1.pas(281) 
frxDesgnWorkspace1.pas(793) 
frxDesgnWorkspace1.pas(1105) 

frxDesgn.pas(758) 
frxDesgn.pas(758) 
frxDesgnEditors.pas(1) 
frx.inc(232)           

frxDesgnEditors.pas(22) 
frxDesgnEditors.pas(22) 
frxDesgnEditors.pas(22) 
frxDesgnEditors.pas(22) 
frxDesgnEditors.pas(22) 
frxDesgnEditors.pas(22) 
frxDesgnEditors.pas(22) 
frxDesgnEditors.pas(23) 
frxDesgnEditors.pas(23) 
frxDesgnEditors.pas(23) 
frxDesgnEditors.pas(23) 
frxDesgnEditors.pas(23) 
frxDesgnEditors.pas(23) 
frxDesgnEditors.pas(24) 
frxDesgnEditors.pas(24) 
frxDesgnEditors.pas(24) 
frxCustomEditors.pas(1) 
frx.inc(232)            

frxCustomEditors.pas(20) 
frxCustomEditors.pas(20) 
frxCustomEditors.pas(20) 
frxCustomEditors.pas(20) 
frxCustomEditors.pas(20) 
frxCustomEditors.pas(20) 
frxCustomEditors.pas(20) 
frxCustomEditors.pas(21) 
frxCustomEditors.pas(21) 
frxCustomEditors.pas(21) 
frxCustomEditors.pas(21) 
frxCustomEditors.pas(23) 
frxCustomEditors.pas(27) 
frxCustomEditors.pas(43) 
frxEditMemo.pas(1)       
frx.inc(232)       

frxEditMemo.pas(20) 
frxEditMemo.pas(20) 
frxEditMemo.pas(20) 
frxEditMemo.pas(20) 
frxEditMemo.pas(20) 
frxEditMemo.pas(21) 
frxEditMemo.pas(21) 
frxEditMemo.pas(21) 
frxEditMemo.pas(21) 
frxEditMemo.pas(21) 
frxEditMemo.pas(21) 
frxEditMemo.pas(21) 
frxEditMemo.pas(21) 
frxEditMemo.pas(22) 
frxEditMemo.pas(22) 
frxEditFormat.pas(1) 
frx.inc(232)         

frxEditFormat.pas(20) 
frxEditFormat.pas(20) 
frxEditFormat.pas(20) 
frxEditFormat.pas(20) 
frxEditFormat.pas(20) 
frxEditFormat.pas(20) 
frxEditFormat.pas(20) 
frxEditFormat.pas(21) 
frxEditFormat.pas(21) 
frxEditFormat.pas(21) 
frxEditFormat.pas(23) 
frxEditFormat.pas(27) 
frxEditFormat.pas(68) 
frxEditFormat.pas(215) 

frxEditMemo.pas(22) 
frxEditMemo.pas(22) 
frxEditHighlight.pas(1) 
frx.inc(232)            

frxEditHighlight.pas(20) 
frxEditHighlight.pas(20) 
frxEditHighlight.pas(20) 
frxEditHighlight.pas(20) 
frxEditHighlight.pas(20) 
frxEditHighlight.pas(20) 
frxEditHighlight.pas(20) 
frxEditHighlight.pas(21) 
frxEditHighlight.pas(21) 
frxEditHighlight.pas(21) 
frxEditHighlight.pas(21) 
frxEditHighlight.pas(21) 
frxEditHighlight.pas(23) 
frxEditHighlight.pas(27) 
frxEditHighlight.pas(72) 
frxEditHighlight.pas(217) 

frxEditMemo.pas(24) 
frxEditMemo.pas(28) 
frxEditMemo.pas(69) 
frxEditSysMemo.pas(1) 
frx.inc(232)          

frxEditSysMemo.pas(20) 
frxEditSysMemo.pas(20) 
frxEditSysMemo.pas(20) 
frxEditSysMemo.pas(20) 
frxEditSysMemo.pas(20) 
frxEditSysMemo.pas(20) 
frxEditSysMemo.pas(20) 
frxEditSysMemo.pas(21) 
frxEditSysMemo.pas(21) 
frxEditSysMemo.pas(21) 
frxEditSysMemo.pas(21) 
frxEditSysMemo.pas(23) 
frxEditSysMemo.pas(27) 
frxEditSysMemo.pas(81) 
frxEditSysMemo.pas(84) 
frxEditSysMemo.pas(281) 
frxEditSysMemo.pas(295) 

frxEditMemo.pas(69) 
frxEditMemo.pas(69) 
frxEditMemo.pas(69) 
frxEditMemo.pas(69) 
frxEditMemo.pas(69) 
frxEditMemo.pas(74) 
frxEditMemo.pas(281) 
frxEditMemo.pas(316) 

frxCustomEditors.pas(43) 
frxCustomEditors.pas(43) 
frxCustomEditors.pas(48) 
frxCustomEditors.pas(178) 

frxDesgnEditors.pas(24) 
frxDesgnEditors.pas(24) 
frxEditPage.pas(1)      
frx.inc(232)       

frxEditPage.pas(20) 
frxEditPage.pas(20) 
frxEditPage.pas(20) 
frxEditPage.pas(20) 
frxEditPage.pas(20) 
frxEditPage.pas(20) 
frxEditPage.pas(20) 
frxEditPage.pas(21) 
frxEditPage.pas(21) 
frxEditPage.pas(21) 
frxEditPage.pas(21) 
frxEditPage.pas(21) 
frxEditPage.pas(23) 
frxEditPage.pas(27) 
frxEditPage.pas(103) 
frxEditPage.pas(103) 
frxEditPage.pas(103) 
frxEditPage.pas(103) 
frxEditPage.pas(103) 
frxEditPage.pas(106) 
frxEditPage.pas(281) 
frxEditPage.pas(359) 

frxDesgnEditors.pas(24) 
frxDesgnEditors.pas(25) 
frxDesgnEditors.pas(25) 
frxEditDataBand.pas(1)  
frx.inc(232)           

frxEditDataBand.pas(20) 
frxEditDataBand.pas(20) 
frxEditDataBand.pas(20) 
frxEditDataBand.pas(20) 
frxEditDataBand.pas(20) 
frxEditDataBand.pas(20) 
frxEditDataBand.pas(20) 
frxEditDataBand.pas(21) 
frxEditDataBand.pas(21) 
frxEditDataBand.pas(21) 
frxEditDataBand.pas(21) 
frxEditDataBand.pas(23) 
frxEditDataBand.pas(27) 
frxEditDataBand.pas(59) 
frxEditDataBand.pas(62) 
frxEditDataBand.pas(151) 

frxDesgnEditors.pas(25) 
frxDesgnEditors.pas(25) 
frxEditStrings.pas(1)   
frx.inc(232)          

frxEditStrings.pas(20) 
frxEditStrings.pas(20) 
frxEditStrings.pas(20) 
frxEditStrings.pas(20) 
frxEditStrings.pas(20) 
frxEditStrings.pas(21) 
frxEditStrings.pas(21) 
frxEditStrings.pas(21) 
frxEditStrings.pas(21) 
frxEditStrings.pas(21) 
frxEditStrings.pas(21) 
frxEditStrings.pas(21) 
frxEditStrings.pas(23) 
frxEditStrings.pas(27) 
frxEditStrings.pas(51) 
frxEditStrings.pas(54) 
frxEditStrings.pas(96) 

frxDesgnEditors.pas(25) 
frxDesgnEditors.pas(25) 
frxDesgnEditors.pas(25) 
frxEditGroup.pas(1)     
frx.inc(232)        

frxEditGroup.pas(20) 
frxEditGroup.pas(20) 
frxEditGroup.pas(20) 
frxEditGroup.pas(20) 
frxEditGroup.pas(20) 
frxEditGroup.pas(20) 
frxEditGroup.pas(20) 
frxEditGroup.pas(21) 
frxEditGroup.pas(21) 
frxEditGroup.pas(21) 
frxEditGroup.pas(21) 
frxEditGroup.pas(23) 
frxEditGroup.pas(27) 
frxEditGroup.pas(65) 
frxEditGroup.pas(68) 
frxEditGroup.pas(189) 

frxDesgnEditors.pas(25) 
frxDesgnEditors.pas(26) 
frxDesgnEditors.pas(26) 
frxDesgnEditors.pas(26) 
frxEditPicture.pas(1)   
frx.inc(232)          

frxEditPicture.pas(20) 
frxEditPicture.pas(20) 
frxEditPicture.pas(20) 
frxEditPicture.pas(20) 
frxEditPicture.pas(20) 
frxEditPicture.pas(21) 
frxEditPicture.pas(21) 
frxEditPicture.pas(21) 
frxEditPicture.pas(21) 
frxEditPicture.pas(21) 
frxEditPicture.pas(21) 
frxEditPicture.pas(21) 
frxEditPicture.pas(21) 
frxEditPicture.pas(22) 
frxEditPicture.pas(24) 
frxEditPicture.pas(28) 
frxEditPicture.pas(65) 
frxEditPicture.pas(65) 
frxEditPicture.pas(65) 
frxEditPicture.pas(67) 
frxEditPicture.pas(198) 

frxDesgnEditors.pas(26) 
frxDesgnEditors.pas(26) 
frxEditFrame.pas(1)     
frx.inc(232)        

frxEditFrame.pas(20) 
frxEditFrame.pas(20) 
frxEditFrame.pas(20) 
frxEditFrame.pas(20) 
frxEditFrame.pas(20) 
frxEditFrame.pas(20) 
frxEditFrame.pas(20) 
frxEditFrame.pas(21) 
frxEditFrame.pas(21) 
frxEditFrame.pas(21) 
frxEditFrame.pas(21) 
frxEditFrame.pas(21) 
frxEditFrame.pas(21) 
frxEditFrame.pas(21) 
frxEditFrame.pas(21) 
frxEditFrame.pas(23) 
frxEditFrame.pas(71) 
frxEditFrame.pas(71) 
frxEditFrame.pas(74) 
frxEditFrame.pas(212) 

frxDesgnEditors.pas(26) 
frxDesgnEditors.pas(26) 
frxDesgnEditors.pas(27) 
frxDesgnEditors.pas(27) 
frxDesgnEditors.pas(29) 
frxDesgnEditors.pas(37) 
frxDesgnEditors.pas(281) 
frxDesgnEditors.pas(793) 
frxDesgnEditors.pas(1305) 
frxDesgnEditors.pas(1531) 

frxDesgn.pas(758) 
frxDesgn.pas(758) 
frxEditOptions.pas(1) 
frx.inc(232)          

frxEditOptions.pas(20) 
frxEditOptions.pas(20) 
frxEditOptions.pas(20) 
frxEditOptions.pas(20) 
frxEditOptions.pas(20) 
frxEditOptions.pas(20) 
frxEditOptions.pas(20) 
frxEditOptions.pas(21) 
frxEditOptions.pas(21) 
frxEditOptions.pas(21) 
frxEditOptions.pas(23) 
frxEditOptions.pas(27) 
frxEditOptions.pas(98) 
frxEditOptions.pas(98) 
frxEditOptions.pas(98) 
frxEditOptions.pas(103) 
frxEditOptions.pas(281) 
frxEditOptions.pas(291) 

frxDesgn.pas(758) 
frxDesgn.pas(758) 
frxEditReport.pas(1) 
frx.inc(232)         

frxEditReport.pas(20) 
frxEditReport.pas(20) 
frxEditReport.pas(20) 
frxEditReport.pas(20) 
frxEditReport.pas(20) 
frxEditReport.pas(20) 
frxEditReport.pas(20) 
frxEditReport.pas(21) 
frxEditReport.pas(21) 
frxEditReport.pas(21) 
frxEditReport.pas(21) 
frxEditReport.pas(21) 
frxEditReport.pas(23) 
frxEditReport.pas(27) 
frxEditReport.pas(105) 
frxEditReport.pas(105) 
frxEditReport.pas(105) 
frxEditReport.pas(105) 
frxEditReport.pas(105) 
frxEditReport.pas(108) 
frxEditReport.pas(281) 
frxEditReport.pas(331) 

frxDesgn.pas(758) 
frxDesgn.pas(758) 
frxDesgn.pas(759) 
frxDesgn.pas(759) 
frxDesgn.pas(759) 
frxDesgn.pas(759) 
frxEditReportData.pas(1) 
frx.inc(232)             

frxEditReportData.pas(20) 
frxEditReportData.pas(20) 
frxEditReportData.pas(20) 
frxEditReportData.pas(20) 
frxEditReportData.pas(20) 
frxEditReportData.pas(20) 
frxEditReportData.pas(20) 
frxEditReportData.pas(21) 
frxEditReportData.pas(21) 
frxEditReportData.pas(21) 
frxEditReportData.pas(21) 
frxEditReportData.pas(23) 
frxEditReportData.pas(27) 
frxEditReportData.pas(51) 
frxEditReportData.pas(51) 
frxEditReportData.pas(51) 
frxEditReportData.pas(51) 
frxEditReportData.pas(53) 
frxEditReportData.pas(215) 

frxDesgn.pas(759) 
frxDesgn.pas(759) 
frxEditVar.pas(1) 
frx.inc(232)      

frxEditVar.pas(20) 
frxEditVar.pas(20) 
frxEditVar.pas(20) 
frxEditVar.pas(20) 
frxEditVar.pas(20) 
frxEditVar.pas(20) 
frxEditVar.pas(20) 
frxEditVar.pas(21) 
frxEditVar.pas(21) 
frxEditVar.pas(21) 
frxEditVar.pas(21) 
frxEditVar.pas(21) 
frxEditVar.pas(21) 
frxEditVar.pas(21) 
frxEditVar.pas(22) 
frxEditVar.pas(22) 
frxEditVar.pas(22) 
frxEditVar.pas(24) 
frxEditVar.pas(28) 
frxEditVar.pas(94) 
frxEditVar.pas(94) 
frxEditVar.pas(94) 
frxEditVar.pas(96) 
frxEditVar.pas(281) 
frxEditVar.pas(511) 

frxDesgn.pas(759) 
frxDesgn.pas(759) 
frxEditExpr.pas(1) 
frx.inc(232)       

frxEditExpr.pas(20) 
frxEditExpr.pas(20) 
frxEditExpr.pas(20) 
frxEditExpr.pas(20) 
frxEditExpr.pas(20) 
frxEditExpr.pas(20) 
frxEditExpr.pas(20) 
frxEditExpr.pas(21) 
frxEditExpr.pas(21) 
frxEditExpr.pas(21) 
frxEditExpr.pas(21) 
frxEditExpr.pas(21) 
frxEditExpr.pas(21) 
frxEditExpr.pas(21) 
frxEditExpr.pas(23) 
frxEditExpr.pas(27) 
frxEditExpr.pas(58) 
frxEditExpr.pas(58) 
frxEditExpr.pas(60) 
frxEditExpr.pas(150) 

frxDesgn.pas(760) 
frxDesgn.pas(760) 
frxDesgn.pas(760) 
frxEditStyle.pas(1) 
frx.inc(232)        

frxEditStyle.pas(20) 
frxEditStyle.pas(20) 
frxEditStyle.pas(20) 
frxEditStyle.pas(20) 
frxEditStyle.pas(20) 
frxEditStyle.pas(20) 
frxEditStyle.pas(20) 
frxEditStyle.pas(21) 
frxEditStyle.pas(21) 
frxEditStyle.pas(21) 
frxEditStyle.pas(21) 
frxEditStyle.pas(21) 
frxEditStyle.pas(21) 
frxEditStyle.pas(23) 
frxEditStyle.pas(75) 
frxEditStyle.pas(75) 
frxEditStyle.pas(75) 
frxEditStyle.pas(78) 
frxEditStyle.pas(281) 
frxEditStyle.pas(301) 

frxDesgn.pas(760) 
frxDesgn.pas(760) 
frxNewItem.pas(1) 
frx.inc(232)      

frxNewItem.pas(20) 
frxNewItem.pas(20) 
frxNewItem.pas(20) 
frxNewItem.pas(20) 
frxNewItem.pas(20) 
frxNewItem.pas(20) 
frxNewItem.pas(20) 
frxNewItem.pas(21) 
frxNewItem.pas(21) 
frxNewItem.pas(21) 
frxNewItem.pas(23) 
frxNewItem.pas(53) 
frxNewItem.pas(53) 
frxNewItem.pas(53) 
frxNewItem.pas(53) 
frxNewItem.pas(56) 
frxNewItem.pas(174) 

frxDesgn.pas(761) 
frxDesgn.pas(761) 
frxStdWizard.pas(1) 
frx.inc(232)        

frxStdWizard.pas(20) 
frxStdWizard.pas(20) 
frxStdWizard.pas(20) 
frxStdWizard.pas(20) 
frxStdWizard.pas(20) 
frxStdWizard.pas(20) 
frxStdWizard.pas(20) 
frxStdWizard.pas(21) 
frxStdWizard.pas(21) 
frxStdWizard.pas(21) 
frxStdWizard.pas(21) 
frxStdWizard.pas(21) 
frxStdWizard.pas(21) 
frxStdWizard.pas(23) 
frxStdWizard.pas(149) 
frxStdWizard.pas(149) 
frxStdWizard.pas(149) 
frxStdWizard.pas(149) 
frxStdWizard.pas(150) 
frxStdWizard.pas(150) 
frxStdWizard.pas(150) 
frxStdWizard.pas(152) 
frxStdWizard.pas(281) 
frxStdWizard.pas(793) 
frxStdWizard.pas(1094) 

frxDesgn.pas(762) 
frxDesgn.pas(762) 
frxEditTabOrder.pas(1) 
frx.inc(232)           

frxEditTabOrder.pas(20) 
frxEditTabOrder.pas(20) 
frxEditTabOrder.pas(20) 
frxEditTabOrder.pas(20) 
frxEditTabOrder.pas(20) 
frxEditTabOrder.pas(20) 
frxEditTabOrder.pas(20) 
frxEditTabOrder.pas(21) 
frxEditTabOrder.pas(21) 
frxEditTabOrder.pas(23) 
frxEditTabOrder.pas(55) 
frxEditTabOrder.pas(167) 

frxDesgn.pas(762) 
frxDesgn.pas(762) 
frxDesgn.pas(762) 
frxrcDesgn.pas(1) 
frxrcDesgn.pas(20) 
frxrcDesgn.pas(370) 

frxDesgn.pas(762) 
frxDesgn.pas(763) 
frxDesgn.pas(763) 
frxDesgn.pas(763) 
frxDesgn.pas(763) 
frxDesgn.pas(763) 
frxDesgn.pas(765) 
frxDesgn.pas(793) 
frxDesgn.pas(1305) 
frxDesgn.pas(1817) 
frxDesgn.pas(2329) 
frxDesgn.pas(2841) 
frxDesgn.pas(3353) 
frxDesgn.pas(3865) 
frxDesgn.pas(4377) 
frxDesgn.pas(4889) 
frxDesgn.inc(19)   

frxDesgn.pas(5383) 
frxDesgn.pas(5844) 

frxReportTree.pas(57) 
frxReportTree.pas(59) 
frxReportTree.pas(215) 

frxConnEditor.pas(61) 
frxConnEditor.pas(61) 
frxConnEditor.pas(61) 
frxConnEditor.pas(63) 
frxConnEditor.pas(281) 
frxConnEditor.pas(478) 

frx7.dpk(146) 
frx7.dpk(146) 
frx7.dpk(146) 
frx7.dpk(146) 
frx7.dpk(146) 
frx7.dpk(146) 
frx7.dpk(146) 
frx7.dpk(146) 
frx7.dpk(146) 
frx7.dpk(146) 
frx7.dpk(146) 
frxEditAliases.pas(1) 
frx.inc(232)          

frxEditAliases.pas(20) 
frxEditAliases.pas(20) 
frxEditAliases.pas(20) 
frxEditAliases.pas(20) 
frxEditAliases.pas(20) 
frxEditAliases.pas(20) 
frxEditAliases.pas(20) 
frxEditAliases.pas(21) 
frxEditAliases.pas(21) 
frxEditAliases.pas(21) 
frxEditAliases.pas(23) 
frxEditAliases.pas(27) 
frxEditAliases.pas(63) 
frxEditAliases.pas(207) 

frx7.dpk(146) 
frx7.dpk(146) 
frx7.dpk(146) 
frx7.dpk(146) 
frx7.dpk(146) 
frx7.dpk(146) 
frx7.dpk(146) 
frx7.dpk(146) 
frx7.dpk(146) 
frx7.dpk(146) 
frx7.dpk(146) 
frx7.dpk(146) 
frx7.dpk(146) 
frx7.dpk(146) 
frx7.dpk(146) 
frx7.dpk(146) 
frx7.dpk(146) 
frx7.dpk(146) 
frx7.dpk(146) 
frx7.dpk(146) 
frx7.dpk(146) 
frx7.dpk(146) 
frx7.dpk(146) 
frx7.dpk(146) 
frx7.dpk(146) 
frx7.dpk(146) 
frx7.dpk(146) 
frx7.dpk(146) 
frx7.dpk(146) 
frx7.dpk(146) 
frx7.dpk(146) 
frxBarcod.pas(1) 
frx.inc(232)     

frxBarcod.pas(145) 
frxBarcod.pas(145) 
frxBarcod.pas(145) 
frxBarcod.pas(145) 
frxBarcod.pas(145) 
frxBarcod.pas(145) 
frxBarcod.pas(145) 
frxBarcod.pas(147) 
frxBarcod.pas(281) 
frxBarcod.pas(793) 
frxBarcod.pas(1305) 
frxBarcod.pas(1817) 
frxBarcod.pas(2026) 

frx7.dpk(146) 
frx7.dpk(146) 
frxBarcode.pas(1) 
frx.inc(232)      

frxBarcode.pas(20) 
frxBarcode.pas(20) 
frxBarcode.pas(20) 
frxBarcode.pas(20) 
frxBarcode.pas(20) 
frxBarcode.pas(20) 
frxBarcode.pas(20) 
frxBarcode.pas(21) 
frxBarcode.pas(21) 
frxBarcode.pas(21) 
frxBarcode.pas(21) 
frxBarcode.pas(21) 
frxBarcode.pas(23) 
frxBarcode.pas(30) 
frxBarcode.pas(102) 
frxBarcodeEditor.pas(1) 
frx.inc(232)            

frxBarcodeEditor.pas(20) 
frxBarcodeEditor.pas(20) 
frxBarcodeEditor.pas(20) 
frxBarcodeEditor.pas(20) 
frxBarcodeEditor.pas(20) 
frxBarcodeEditor.pas(20) 
frxBarcodeEditor.pas(20) 
frxBarcodeEditor.pas(21) 
frxBarcodeEditor.pas(21) 
frxBarcodeEditor.pas(21) 
frxBarcodeEditor.pas(21) 
frxBarcodeEditor.pas(21) 
frxBarcodeEditor.pas(21) 
frxBarcodeEditor.pas(21) 
frxBarcodeEditor.pas(22) 
frxBarcodeEditor.pas(22) 
frxBarcodeEditor.pas(22) 
frxBarcodeEditor.pas(24) 
frxBarcodeEditor.pas(28) 
frxBarcodeEditor.pas(77) 
frxBarcodeEditor.pas(77) 
frxBarcodeEditor.pas(81) 
frxBarcodeEditor.pas(275) 

frxBarcode.pas(104) 
frxBarcode.pas(104) 
frxBarcodeRTTI.pas(1) 
frx.inc(232)          

frxBarcodeRTTI.pas(22) 
frxBarcodeRTTI.pas(22) 
frxBarcodeRTTI.pas(22) 
frxBarcodeRTTI.pas(22) 
frxBarcodeRTTI.pas(22) 
frxBarcodeRTTI.pas(22) 
frxBarcodeRTTI.pas(24) 
frxBarcodeRTTI.pas(27) 
frxBarcodeRTTI.pas(64) 

frxBarcode.pas(104) 
frxBarcode.pas(104) 
frxBarcode.pas(104) 
frxBarcode.pas(106) 
frxBarcode.pas(281) 
frxBarcode.pas(370) 

frx7.dpk(146) 
frx7.dpk(146) 
frx7.dpk(146) 
frx7.dpk(146) 
frxChBox.pas(1) 
frx.inc(232)    

frxChBox.pas(20) 
frxChBox.pas(20) 
frxChBox.pas(20) 
frxChBox.pas(20) 
frxChBox.pas(20) 
frxChBox.pas(20) 
frxChBox.pas(25) 
frxChBox.pas(29) 
frxChBox.pas(79) 
frxChBoxRTTI.pas(1) 
frx.inc(232)        

frxChBoxRTTI.pas(22) 
frxChBoxRTTI.pas(22) 
frxChBoxRTTI.pas(22) 
frxChBoxRTTI.pas(22) 
frxChBoxRTTI.pas(22) 
frxChBoxRTTI.pas(22) 
frxChBoxRTTI.pas(24) 
frxChBoxRTTI.pas(28) 
frxChBoxRTTI.pas(61) 

frxChBox.pas(79) 
frxChBox.pas(79) 
frxChBox.pas(82) 
frxChBox.pas(224) 

frx7.dpk(146) 
frx7.dpk(146) 
frx7.dpk(146) 
frxCross.pas(1) 
frx.inc(232)    

frxCross.pas(20) 
frxCross.pas(20) 
frxCross.pas(20) 
frxCross.pas(20) 
frxCross.pas(20) 
frxCross.pas(21) 
frxCross.pas(23) 
frxCross.pas(30) 
frxCross.pas(281) 
frxCross.pas(574) 
frxCrossEditor.pas(1) 
frx.inc(232)          

frxCrossEditor.pas(20) 
frxCrossEditor.pas(20) 
frxCrossEditor.pas(20) 
frxCrossEditor.pas(20) 
frxCrossEditor.pas(20) 
frxCrossEditor.pas(20) 
frxCrossEditor.pas(20) 
frxCrossEditor.pas(21) 
frxCrossEditor.pas(21) 
frxCrossEditor.pas(21) 
frxCrossEditor.pas(21) 
frxCrossEditor.pas(21) 
frxCrossEditor.pas(21) 
frxCrossEditor.pas(21) 
frxCrossEditor.pas(21) 
frxCrossEditor.pas(22) 
frxCrossEditor.pas(22) 
frxCrossEditor.pas(22) 
frxCrossEditor.pas(22) 
frxCrossEditor.pas(24) 
frxCrossEditor.pas(27) 
frxCrossEditor.pas(144) 
frxCrossEditor.pas(144) 
frxCrossEditor.pas(144) 
frxCrossEditor.pas(145) 
frxCrossEditor.pas(145) 
frxCrossEditor.pas(145) 
frxCrossEditor.pas(145) 
frxCrossEditor.pas(147) 
frxCrossEditor.pas(281) 
frxCrossEditor.pas(793) 
frxCrossEditor.pas(951) 

frxCross.pas(576) 
frxCross.pas(576) 
frxCrossRTTI.pas(1) 
frx.inc(232)        

frxCrossRTTI.pas(22) 
frxCrossRTTI.pas(22) 
frxCrossRTTI.pas(22) 
frxCrossRTTI.pas(22) 
frxCrossRTTI.pas(22) 
frxCrossRTTI.pas(22) 
frxCrossRTTI.pas(24) 
frxCrossRTTI.pas(28) 
frxCrossRTTI.pas(146) 

frxCross.pas(576) 
frxCross.pas(576) 
frxCross.pas(576) 
frxCross.pas(576) 
frxCross.pas(576) 
frxCross.pas(577) 
frxCross.pas(577) 
frxCross.pas(577) 
frxCross.pas(579) 
frxCross.pas(793) 
frxCross.pas(1305) 
frxCross.pas(1817) 
frxCross.pas(2329) 
frxCross.pas(2841) 
frxCross.pas(3353) 
frxCross.pas(3865) 
frxCross.pas(4377) 
frxCross.pas(4646) 

frx7.dpk(146) 
frx7.dpk(146) 
frx7.dpk(146) 
frx7.dpk(146) 
frxDCtrl.pas(1) 
frx.inc(232)    

frxDCtrl.pas(20) 
frxDCtrl.pas(20) 
frxDCtrl.pas(20) 
frxDCtrl.pas(20) 
frxDCtrl.pas(20) 
frxDCtrl.pas(20) 
frxDCtrl.pas(21) 
frxDCtrl.pas(21) 
frxDCtrl.pas(21) 
frxDCtrl.pas(21) 
frxDCtrl.pas(21) 
frxDCtrl.pas(21) 
frxDCtrl.pas(21) 
frxDCtrl.pas(21) 
frxDCtrl.pas(21) 
frxDCtrl.pas(21) 
frxDCtrl.pas(23) 
frxDCtrl.pas(27) 
frxDCtrl.pas(281) 
frxDCtrl.pas(613) 
frxDCtrlRTTI.pas(1) 
frx.inc(232)        

frxDCtrlRTTI.pas(22) 
frxDCtrlRTTI.pas(22) 
frxDCtrlRTTI.pas(22) 
frxDCtrlRTTI.pas(22) 
frxDCtrlRTTI.pas(22) 
frxDCtrlRTTI.pas(23) 
frxDCtrlRTTI.pas(23) 
frxDCtrlRTTI.pas(25) 
frxDCtrlRTTI.pas(29) 
frxDCtrlRTTI.pas(138) 

frxDCtrl.pas(613) 
frxDCtrl.pas(613) 
frxDCtrl.pas(613) 
frxDCtrl.pas(615) 
frxDCtrl.pas(793) 
frxDCtrl.pas(1305) 
frxDCtrl.pas(1666) 

frx7.dpk(146) 
frx7.dpk(146) 
frx7.dpk(146) 
frxGradient.pas(1) 
frx.inc(232)       

frxGradient.pas(24) 
frxGradient.pas(24) 
frxGradient.pas(24) 
frxGradient.pas(24) 
frxGradient.pas(24) 
frxGradient.pas(26) 
frxGradient.pas(29) 
frxGradient.pas(55) 
frxGradientRTTI.pas(1) 
frx.inc(232)           

frxGradientRTTI.pas(22) 
frxGradientRTTI.pas(22) 
frxGradientRTTI.pas(22) 
frxGradientRTTI.pas(22) 
frxGradientRTTI.pas(22) 
frxGradientRTTI.pas(22) 
frxGradientRTTI.pas(24) 
frxGradientRTTI.pas(28) 
frxGradientRTTI.pas(60) 

frxGradient.pas(55) 
frxGradient.pas(55) 
frxGradient.pas(58) 
frxGradient.pas(280) 

frx7.dpk(146) 
frx7.dpk(146) 
frx7.dpk(146) 
frxOLE.pas(1) 
frx.inc(232)  

frxOLE.pas(20) 
frxOLE.pas(20) 
frxOLE.pas(20) 
frxOLE.pas(20) 
frxOLE.pas(20) 
frxOLE.pas(20) 
frxOLE.pas(20) 
frxOLE.pas(21) 
frxOLE.pas(21) 
frxOLE.pas(21) 
frxOLE.pas(21) 
frxOLE.pas(21) 
frxOLE.pas(23) 
frxOLE.pas(28) 
frxOLE.pas(74) 
frxOLERTTI.pas(1) 
frx.inc(232)      

frxOLERTTI.pas(22) 
frxOLERTTI.pas(22) 
frxOLERTTI.pas(22) 
frxOLERTTI.pas(22) 
frxOLERTTI.pas(22) 
frxOLERTTI.pas(22) 
frxOLERTTI.pas(24) 
frxOLERTTI.pas(28) 
frxOLERTTI.pas(75) 

frxOLE.pas(76) 
frxOLE.pas(76) 
frxOLEEditor.pas(1) 
frx.inc(232)        

frxOLEEditor.pas(20) 
frxOLEEditor.pas(20) 
frxOLEEditor.pas(20) 
frxOLEEditor.pas(20) 
frxOLEEditor.pas(20) 
frxOLEEditor.pas(20) 
frxOLEEditor.pas(20) 
frxOLEEditor.pas(21) 
frxOLEEditor.pas(21) 
frxOLEEditor.pas(21) 
frxOLEEditor.pas(21) 
frxOLEEditor.pas(21) 
frxOLEEditor.pas(21) 
frxOLEEditor.pas(23) 
frxOLEEditor.pas(27) 
frxOLEEditor.pas(62) 
frxOLEEditor.pas(149) 

frxOLE.pas(78) 
frxOLE.pas(78) 
frxOLE.pas(81) 
frxOLE.pas(251) 

frx7.dpk(146) 
frx7.dpk(146) 
frx7.dpk(146) 
frx7.dpk(146) 
frxRich.pas(1) 
frx.inc(232)   

frxRich.pas(20) 
frxRich.pas(20) 
frxRich.pas(20) 
frxRich.pas(20) 
frxRich.pas(20) 
frxRich.pas(20) 
frxRich.pas(20) 
frxRich.pas(21) 
frxRich.pas(21) 
frxRich.pas(21) 
frxRich.pas(23) 
frxRich.pas(28) 
frxRich.pas(95) 
frxRichRTTI.pas(1) 
frx.inc(232)       

frxRichRTTI.pas(22) 
frxRichRTTI.pas(22) 
frxRichRTTI.pas(22) 
frxRichRTTI.pas(22) 
frxRichRTTI.pas(22) 
frxRichRTTI.pas(22) 
frxRichRTTI.pas(23) 
frxRichRTTI.pas(23) 
frxRichRTTI.pas(25) 
frxRichRTTI.pas(29) 
frxRichRTTI.pas(76) 

frxRich.pas(97) 
frxRich.pas(97) 
frxRichEditor.pas(1) 
frx.inc(232)         

frxRichEditor.pas(20) 
frxRichEditor.pas(20) 
frxRichEditor.pas(20) 
frxRichEditor.pas(20) 
frxRichEditor.pas(20) 
frxRichEditor.pas(20) 
frxRichEditor.pas(20) 
frxRichEditor.pas(21) 
frxRichEditor.pas(21) 
frxRichEditor.pas(21) 
frxRichEditor.pas(21) 
frxRichEditor.pas(21) 
frxRichEditor.pas(21) 
frxRichEditor.pas(21) 
frxRichEditor.pas(22) 
frxRichEditor.pas(22) 
frxRichEditor.pas(22) 
frxRichEditor.pas(22) 
frxRichEditor.pas(22) 
frxRichEditor.pas(22) 
frxRichEditor.pas(22) 
frxRichEditor.pas(24) 
frxRichEditor.pas(28) 
frxRichEditor.pas(121) 
frxRichEditor.pas(124) 
frxRichEditor.pas(281) 
frxRichEditor.pas(487) 

frxRich.pas(99) 
frxRich.pas(99) 
frxRich.pas(99) 
frxRich.pas(102) 
frxRich.pas(281) 
frxRich.pas(536) 

frx7.dpk(146) 
frx7.dpk(146) 
frx7.dpk(146) 
frx7.dpk(146) 
frx7.dpk(146) 
frx7.dpk(146) 
frx7.dpk(146) 
frxCrypt.pas(1) 
frx.inc(232)    

frxCrypt.pas(19) 
frxCrypt.pas(19) 
frxCrypt.pas(19) 
frxCrypt.pas(19) 
frxCrypt.pas(19) 
frxCrypt.pas(21) 
frxCrypt.pas(37) 
frxCrypt.pas(37) 
rc_Crypt.pas(1)  
frx.inc(232)    

rc_Crypt.pas(21) 
rc_Crypt.pas(21) 
rc_ApiRef.pas(1) 
frx.inc(232)     

rc_ApiRef.pas(23) 
rc_AlgRef.pas(1)  
frx.inc(232)     

rc_AlgRef.pas(281) 
rc_AlgRef.pas(574) 

rc_ApiRef.pas(25) 
rc_ApiRef.pas(281) 
rc_ApiRef.pas(460) 

rc_Crypt.pas(23) 
rc_Crypt.pas(117) 

frxCrypt.pas(37) 
frxCrypt.pas(40) 
frxCrypt.pas(130) 

frx7.dpk(146) 
frx7.dpk(146) 
frx7.dpk(146) 
frx7.dpk(146) 
frx7.dpk(148) 
frx7.dpk(149) 
Warning: Unit 'frxpngimage' implicitly imported into package 'frx7'
Warning: Unit 'frxpnglang' implicitly imported into package 'frx7'
106640 lines, 0.58 seconds, 1019920 bytes code, 24789 bytes data.

D:\Delphi\DbBase_Component\FastReport4\RES\Russian>cd /d "D:\Delphi\DbBase_Component\FastReport4\LibD7\" 

D:\Delphi\DbBase_Component\FastReport4\LibD7>"C:\Program Files\Borland\Delphi7\Bin\dcc32.exe" frxe7.dpk -M -Z -DTeeChartStd;QBUILDER 
Borland Delphi Version 15.0
Copyright (c) 1983,2002 Borland Software Corporation

frxe7.dpk(1) 
frxe7.dpk(31) 
frxe7.dpk(32) 
frxe7.dpk(34) 
frxe7.dpk(34) 
frxe7.dpk(34) 
frxe7.dpk(54) 
frxExportHTML.pas(1) 
frx.inc(232)         

frxExportHTML.pas(20) 
frxExportHTML.pas(20) 
frxExportHTML.pas(20) 
frxExportHTML.pas(20) 
frxExportHTML.pas(20) 
frxExportHTML.pas(20) 
frxExportHTML.pas(20) 
frxExportHTML.pas(20) 
frxExportHTML.pas(20) 
frxExportHTML.pas(20) 
frxExportHTML.pas(20) 
frxExportHTML.pas(20) 
frxExportHTML.pas(20) 
frxExportHTML.pas(20) 
frxExportHTML.pas(20) 
frxExportHTML.pas(20) 
frxExportHTML.pas(20) 
frxExportHTML.pas(20) 
frxExportHTML.pas(20) 
frxExportHTML.pas(20) 
frxExportHTML.pas(20) 
frxExportHTML.pas(20) 
frxExportHTML.pas(20) 
frxExportHTML.pas(20) 
frxExportHTML.pas(20) 
frxExportHTML.pas(20) 
frxExportHTML.pas(20) 
frxExportHTML.pas(20) 
frxExportHTML.pas(20) 
frxExportHTML.pas(20) 
frxExportHTML.pas(20) 
frxExportHTML.pas(20) 
frxExportHTML.pas(20) 
frxExportHTML.pas(20) 
frxExportHTML.pas(20) 
frxExportHTML.pas(20) 
frxExportHTML.pas(20) 
frxExportHTML.pas(20) 
frxExportHTML.pas(20) 
frxExportHTML.pas(20) 
frxExportHTML.pas(20) 
frxExportHTML.pas(20) 
frxExportHTML.pas(20) 
frxExportHTML.pas(20) 
frxExportHTML.pas(20) 
frxExportHTML.pas(20) 
frxExportHTML.pas(20) 
frxExportHTML.pas(20) 
frxExportHTML.pas(20) 
frxExportHTML.pas(20) 
frxExportHTML.pas(20) 
frxExportHTML.pas(20) 
frxExportHTML.pas(20) 
frxExportHTML.pas(20) 
frxExportHTML.pas(20) 
frxExportHTML.pas(20) 
frxExportHTML.pas(20) 
frxExportHTML.pas(20) 
frxExportHTML.pas(20) 
frxExportHTML.pas(20) 
frxExportHTML.pas(20) 
frxExportHTML.pas(20) 
frxExportHTML.pas(21) 
frxExportHTML.pas(21) 
frxExportHTML.pas(21) 
frxExportHTML.pas(21) 
frxExportHTML.pas(21) 
frxExportHTML.pas(21) 
frxExportHTML.pas(21) 
frxExportHTML.pas(21) 
frxExportHTML.pas(21) 
frxExportHTML.pas(21) 
frxExportHTML.pas(21) 
frxExportHTML.pas(21) 
frxExportHTML.pas(21) 
frxExportHTML.pas(21) 
frxExportHTML.pas(21) 
frxExportHTML.pas(21) 
frxExportHTML.pas(21) 
frxExportHTML.pas(21) 
frxExportHTML.pas(21) 
frxExportHTML.pas(21) 
frxExportHTML.pas(21) 
frxExportHTML.pas(21) 
frxExportHTML.pas(21) 
frxExportHTML.pas(21) 
frxExportHTML.pas(21) 
frxExportHTML.pas(21) 
frxExportHTML.pas(21) 
frxExportHTML.pas(21) 
frxExportHTML.pas(21) 
frxExportHTML.pas(21) 
frxExportHTML.pas(21) 
frxExportHTML.pas(21) 
frxExportHTML.pas(21) 
frxExportHTML.pas(21) 
frxExportHTML.pas(21) 
frxExportHTML.pas(21) 
frxExportHTML.pas(21) 
frxExportHTML.pas(21) 
frxExportHTML.pas(21) 
frxExportHTML.pas(21) 
frxExportHTML.pas(21) 
frxExportHTML.pas(21) 
frxExportHTML.pas(21) 
frxExportHTML.pas(21) 
frxExportHTML.pas(21) 
frxExportHTML.pas(21) 
frxExportHTML.pas(21) 
frxExportHTML.pas(21) 
frxExportHTML.pas(21) 
frxExportHTML.pas(21) 
frxExportHTML.pas(21) 
frxExportHTML.pas(21) 
frxExportHTML.pas(21) 
frxExportHTML.pas(21) 
frxExportHTML.pas(21) 
frxExportHTML.pas(21) 
frxExportHTML.pas(21) 
frxExportHTML.pas(21) 
frxExportHTML.pas(21) 
frxExportHTML.pas(21) 
frxExportHTML.pas(21) 
frxExportHTML.pas(21) 
frxExportHTML.pas(21) 
frxExportHTML.pas(21) 
frxExportMatrix.pas(1) 
frx.inc(232)           

frxExportMatrix.pas(20) 
frxExportMatrix.pas(20) 
frxExportMatrix.pas(20) 
frxExportMatrix.pas(20) 
frxExportMatrix.pas(20) 
frxExportMatrix.pas(20) 
frxExportMatrix.pas(21) 
frxExportMatrix.pas(21) 
frxExportMatrix.pas(21) 
frxExportMatrix.pas(21) 
frxExportMatrix.pas(26) 
frxExportMatrix.pas(277) 
frxrcExports.pas(1)      
frxrcExports.pas(20) 
frxrcExports.pas(96) 

frxExportMatrix.pas(281) 
frxExportMatrix.pas(281) 
frxExportMatrix.pas(793) 
frxExportMatrix.pas(1305) 
frxExportMatrix.pas(1697) 

frxExportHTML.pas(21) 
frxExportHTML.pas(22) 
frxExportHTML.pas(22) 
frxExportHTML.pas(22) 
frxExportImage.pas(1) 
frx.inc(232)          

frxExportImage.pas(20) 
frxExportImage.pas(20) 
frxExportImage.pas(20) 
frxExportImage.pas(20) 
frxExportImage.pas(20) 
frxExportImage.pas(20) 
frxExportImage.pas(20) 
frxExportImage.pas(21) 
frxExportImage.pas(21) 
frxExportImage.pas(21) 
frxExportImage.pas(21) 
frxExportImage.pas(23) 
frxExportImage.pas(26) 
frxExportImage.pas(171) 
frxExportImage.pas(171) 
frxFileUtils.pas(1)     
frx.inc(232)        

frxFileUtils.pas(20) 
frxFileUtils.pas(20) 
frxFileUtils.pas(20) 
frxFileUtils.pas(20) 
frxFileUtils.pas(20) 
frxFileUtils.pas(20) 
frxFileUtils.pas(22) 
frxFileUtils.pas(183) 

frxExportImage.pas(171) 
frxExportImage.pas(171) 
frxExportImage.pas(175) 
frxExportImage.pas(281) 
frxExportImage.pas(793) 
frxExportImage.pas(1305) 
frxExportImage.pas(1331) 

frxExportHTML.pas(24) 
frxExportHTML.pas(156) 
frxExportHTML.pas(156) 
frxExportHTML.pas(156) 
frxExportHTML.pas(156) 
frxExportHTML.pas(156) 
frxExportHTML.pas(160) 
frxExportHTML.pas(281) 
frxExportHTML.pas(793) 
frxExportHTML.pas(1178) 

frxe7.dpk(54) 
frxe7.dpk(54) 
frxe7.dpk(54) 
frxe7.dpk(54) 
frxExportPDF.pas(1) 
frx.inc(232)        

frxExportPDF.pas(20) 
frxExportPDF.pas(20) 
frxExportPDF.pas(20) 
frxExportPDF.pas(20) 
frxExportPDF.pas(20) 
frxExportPDF.pas(20) 
frxExportPDF.pas(20) 
frxExportPDF.pas(21) 
frxExportPDF.pas(21) 
frxExportPDF.pas(21) 
frxExportPDF.pas(21) 
frxExportPDF.pas(21) 
frxExportPDF.pas(21) 
frxExportPDF.pas(21) 
frxExportPDF.pas(22) 
frxExportPDF.pas(22) 
frxExportPDF.pas(22) 
frxPDFFile.pas(1)    
frx.inc(232)      

frxPDFFile.pas(24) 
frxPDFFile.pas(24) 
frxPDFFile.pas(24) 
frxPDFFile.pas(24) 
frxPDFFile.pas(25) 
frxPDFFile.pas(25) 
frxPDFFile.pas(25) 
frxPDFFile.pas(25) 
frxPDFFile.pas(25) 
frxPDFFile.pas(25) 
frxPDFFile.pas(26) 
frxPDFFile.pas(27) 
frxPDFFile.pas(27) 
frxRC4.pas(1)      
frx.inc(232)  

frxRC4.pas(16) 
frxRC4.pas(18) 
frxRC4.pas(79) 

frxPDFFile.pas(35) 
frxPDFFile.pas(229) 
frxPDFFile.pas(229) 
frxPDFFile.pas(229) 
frxPDFFile.pas(229) 
frxPDFFile.pas(229) 
frxPDFFile.pas(229) 
frxPDFFile.pas(231) 
frxPDFFile.pas(281) 
frxPDFFile.pas(793) 
frxPDFFile.pas(1305) 
frxPDFFile.pas(1817) 
frxPDFFile.pas(2329) 
frxPDFFile.pas(2374) 

frxExportPDF.pas(23) 
frxExportPDF.pas(25) 
frxExportPDF.pas(152) 
frxExportPDF.pas(152) 
frxExportPDF.pas(152) 
frxExportPDF.pas(152) 
frxExportPDF.pas(158) 
frxExportPDF.pas(281) 
frxExportPDF.pas(483) 

frxe7.dpk(54) 
frxe7.dpk(54) 
frxExportRTF.pas(1) 
frx.inc(232)        

frxExportRTF.pas(20) 
frxExportRTF.pas(20) 
frxExportRTF.pas(20) 
frxExportRTF.pas(20) 
frxExportRTF.pas(20) 
frxExportRTF.pas(20) 
frxExportRTF.pas(20) 
frxExportRTF.pas(21) 
frxExportRTF.pas(21) 
frxExportRTF.pas(21) 
frxExportRTF.pas(21) 
frxExportRTF.pas(21) 
frxExportRTF.pas(21) 
frxExportRTF.pas(21) 
frxExportRTF.pas(21) 
frxExportRTF.pas(22) 
frxExportRTF.pas(22) 
frxExportRTF.pas(22) 
frxExportRTF.pas(22) 
frxExportRTF.pas(24) 
frxExportRTF.pas(110) 
frxExportRTF.pas(110) 
frxExportRTF.pas(110) 
frxExportRTF.pas(114) 
frxExportRTF.pas(281) 
frxExportRTF.pas(793) 
frxExportRTF.pas(1210) 

frxe7.dpk(54) 
frxe7.dpk(54) 
frxExportTXT.pas(1) 
frx.inc(232)        

frxExportTXT.pas(20) 
frxExportTXT.pas(20) 
frxExportTXT.pas(20) 
frxExportTXT.pas(20) 
frxExportTXT.pas(20) 
frxExportTXT.pas(20) 
frxExportTXT.pas(20) 
frxExportTXT.pas(21) 
frxExportTXT.pas(21) 
frxExportTXT.pas(21) 
frxExportTXT.pas(21) 
frxExportTXT.pas(21) 
frxExportTXT.pas(21) 
frxExportTXT.pas(23) 
frxExportTXT.pas(26) 
frxExportTXT.pas(205) 
frxExportTXT.pas(205) 
frxExportTXT.pas(205) 
frxExportTXT.pas(205) 
frxExportTXT.pas(205) 
frxExportTXT.pas(205) 
frxExportTXT.pas(205) 
frxExportTXT.pas(206) 
frxExportTXT.pas(206) 
frxExportTXT.pas(206) 
frxExportTXT.pas(210) 
frxExportTXT.pas(281) 
frxExportTXT.pas(793) 
frxExportTXT.pas(1305) 
frxExportTXT.pas(1546) 

frxe7.dpk(54) 
frxe7.dpk(54) 
frxe7.dpk(54) 
frxExportXLS.pas(1) 
frx.inc(232)        

frxExportXLS.pas(25) 
frxExportXLS.pas(25) 
frxExportXLS.pas(25) 
frxExportXLS.pas(25) 
frxExportXLS.pas(25) 
frxExportXLS.pas(25) 
frxExportXLS.pas(25) 
frxExportXLS.pas(26) 
frxExportXLS.pas(26) 
frxExportXLS.pas(26) 
frxExportXLS.pas(26) 
frxExportXLS.pas(26) 
frxExportXLS.pas(27) 
frxExportXLS.pas(27) 
frxExportXLS.pas(27) 
frxExportXLS.pas(28) 
frxExportXLS.pas(30) 
frxExportXLS.pas(149) 
frxExportXLS.pas(149) 
frxExportXLS.pas(149) 
frxExportXLS.pas(149) 
frxExportXLS.pas(153) 
frxExportXLS.pas(281) 
frxExportXLS.pas(793) 
frxExportXLS.pas(1305) 
frxExportXLS.pas(1406) 

frxe7.dpk(54) 
frxe7.dpk(54) 
frxExportXML.pas(1) 
frx.inc(232)        

frxExportXML.pas(23) 
frxExportXML.pas(23) 
frxExportXML.pas(23) 
frxExportXML.pas(23) 
frxExportXML.pas(23) 
frxExportXML.pas(23) 
frxExportXML.pas(23) 
frxExportXML.pas(24) 
frxExportXML.pas(24) 
frxExportXML.pas(24) 
frxExportXML.pas(24) 
frxExportXML.pas(24) 
frxExportXML.pas(24) 
frxExportXML.pas(24) 
frxExportXML.pas(25) 
frxExportXML.pas(27) 
frxExportXML.pas(98) 
frxExportXML.pas(98) 
frxExportXML.pas(98) 
frxExportXML.pas(98) 
frxExportXML.pas(102) 
frxExportXML.pas(281) 
frxExportXML.pas(753) 

frxe7.dpk(54) 
frxe7.dpk(54) 
frxExportCSV.pas(1) 
frx.inc(232)        

frxExportCSV.pas(20) 
frxExportCSV.pas(20) 
frxExportCSV.pas(20) 
frxExportCSV.pas(20) 
frxExportCSV.pas(20) 
frxExportCSV.pas(20) 
frxExportCSV.pas(20) 
frxExportCSV.pas(21) 
frxExportCSV.pas(21) 
frxExportCSV.pas(21) 
frxExportCSV.pas(21) 
frxExportCSV.pas(21) 
frxExportCSV.pas(22) 
frxExportCSV.pas(24) 
frxExportCSV.pas(75) 
frxExportCSV.pas(75) 
frxExportCSV.pas(75) 
frxExportCSV.pas(75) 
frxExportCSV.pas(139) 
frxExportCSV.pas(281) 
frxExportCSV.pas(374) 

frxe7.dpk(54) 
frxe7.dpk(54) 
frxExportText.pas(1) 
frx.inc(232)         

frxExportText.pas(20) 
frxExportText.pas(20) 
frxExportText.pas(20) 
frxExportText.pas(20) 
frxExportText.pas(20) 
frxExportText.pas(20) 
frxExportText.pas(20) 
frxExportText.pas(21) 
frxExportText.pas(21) 
frxExportText.pas(21) 
frxExportText.pas(21) 
frxExportText.pas(21) 
frxExportText.pas(22) 
frxExportText.pas(24) 
frxExportText.pas(83) 
frxExportText.pas(83) 
frxExportText.pas(83) 
frxExportText.pas(83) 
frxExportText.pas(114) 
frxExportText.pas(281) 
frxExportText.pas(555) 

frxe7.dpk(54) 
frxe7.dpk(54) 
frxExportMail.pas(1) 
frx.inc(232)         

frxExportMail.pas(20) 
frxExportMail.pas(20) 
frxExportMail.pas(20) 
frxExportMail.pas(20) 
frxExportMail.pas(20) 
frxExportMail.pas(20) 
frxExportMail.pas(20) 
frxExportMail.pas(21) 
frxExportMail.pas(21) 
frxExportMail.pas(21) 
frxExportMail.pas(21) 
frxExportMail.pas(21) 
frxExportMail.pas(21) 
frxExportMail.pas(21) 
frxSMTP.pas(1)        
frx.inc(232)   

frxSMTP.pas(20) 
frxSMTP.pas(20) 
frxSMTP.pas(20) 
frxSMTP.pas(20) 
frxSMTP.pas(20) 
frxSMTP.pas(20) 
frxSMTP.pas(20) 
frxNetUtils.pas(1) 
frx.inc(232)       

frxNetUtils.pas(20) 
frxNetUtils.pas(20) 
frxNetUtils.pas(20) 
frxNetUtils.pas(20) 
frxNetUtils.pas(22) 
frxNetUtils.pas(281) 
frxNetUtils.pas(362) 

frxSMTP.pas(20) 
frxSMTP.pas(20) 
frxSMTP.pas(21) 
frxSMTP.pas(21) 
frxSMTP.pas(21) 
frxSMTP.pas(24) 
frxSMTP.pas(116) 
frxSMTP.pas(116) 
frxSMTP.pas(118) 
frxSMTP.pas(281) 
frxSMTP.pas(644) 

frxExportMail.pas(22) 
frxExportMail.pas(24) 
frxExportMail.pas(146) 
frxExportMail.pas(146) 
frxExportMail.pas(146) 
frxExportMail.pas(147) 
frxExportMail.pas(147) 
frxExportMail.pas(147) 
frxExportMail.pas(147) 
frxExportMail.pas(151) 
frxExportMail.pas(281) 
frxExportMail.pas(536) 

frxe7.dpk(54) 
frxe7.dpk(54) 
frxExportODF.pas(1) 
frx.inc(232)        

frxExportODF.pas(20) 
frxExportODF.pas(20) 
frxExportODF.pas(20) 
frxExportODF.pas(20) 
frxExportODF.pas(20) 
frxExportODF.pas(20) 
frxExportODF.pas(20) 
frxExportODF.pas(21) 
frxExportODF.pas(21) 
frxExportODF.pas(21) 
frxExportODF.pas(21) 
frxExportODF.pas(21) 
frxExportODF.pas(21) 
frxExportODF.pas(22) 
frxExportODF.pas(22) 
frxExportODF.pas(22) 
frxExportODF.pas(22) 
frxZip.pas(1)        
frx.inc(232)  

frxZip.pas(19) 
frxZip.pas(19) 
frxZip.pas(19) 
frxZip.pas(19) 
frxZip.pas(19) 
frxZip.pas(21) 
frxZip.pas(245) 
frxZip.pas(281) 
frxZip.pas(657) 

frxExportODF.pas(22) 
frxExportODF.pas(24) 
frxExportODF.pas(144) 
frxExportODF.pas(144) 
frxExportODF.pas(144) 
frxExportODF.pas(144) 
frxExportODF.pas(148) 
frxExportODF.pas(281) 
frxExportODF.pas(793) 
frxExportODF.pas(1172) 

frxe7.dpk(54) 
frxe7.dpk(54) 
frxe7.dpk(54) 
frxe7.dpk(54) 
frxe7.dpk(54) 
frxe7.dpk(54) 
frxe7.dpk(54) 
frxe7.dpk(54) 
frxe7.dpk(56) 
frxe7.dpk(57) 
20871 lines, 0.17 seconds, 273584 bytes code, 1453 bytes data.

D:\Delphi\DbBase_Component\FastReport4\RES\Russian>cd /d "D:\Delphi\DbBase_Component\FastReport4\LibD7\" 

D:\Delphi\DbBase_Component\FastReport4\LibD7>"C:\Program Files\Borland\Delphi7\Bin\dcc32.exe" dclfrx7.dpk -M -Z -DTeeChartStd;QBUILDER 
Borland Delphi Version 15.0
Copyright (c) 1983,2002 Borland Software Corporation

dclfrx7.dpk(1) 
dclfrx7.dpk(34) 
dclfrx7.dpk(35) 
dclfrx7.dpk(37) 
dclfrx7.dpk(37) 
dclfrx7.dpk(37) 
dclfrx7.dpk(38) 
frxReg.pas(1)   
frx.inc(232)  

frxReg.pas(26) 
frxReg.pas(26) 
frxReg.pas(26) 
frxReg.pas(26) 
frxReg.pas(26) 
frxReg.pas(26) 
frxReg.pas(26) 
frxReg.pas(26) 
frxReg.pas(26) 
frxReg.pas(26) 
frxReg.pas(26) 
frxReg.pas(26) 
frxReg.pas(26) 
frxReg.pas(26) 
frxReg.pas(26) 
frxReg.pas(26) 
frxReg.pas(26) 
frxReg.pas(26) 
frxReg.pas(26) 
frxReg.pas(26) 
frxReg.pas(26) 
frxReg.pas(26) 
frxReg.pas(26) 
frxReg.pas(26) 
frxReg.pas(26) 
frxReg.pas(26) 
frxReg.pas(26) 
frxReg.pas(26) 
frxReg.pas(26) 
frxReg.pas(26) 
frxReg.pas(26) 
frxReg.pas(26) 
frxReg.pas(26) 
frxReg.pas(26) 
frxReg.pas(26) 
frxReg.pas(26) 
frxReg.pas(26) 
frxReg.pas(26) 
frxReg.pas(26) 
frxReg.pas(26) 
frxReg.pas(26) 
frxReg.pas(26) 
frxReg.pas(26) 
frxReg.pas(26) 
frxReg.pas(26) 
frxReg.pas(26) 
frxReg.pas(26) 
frxReg.pas(26) 
frxReg.pas(26) 
frxReg.pas(26) 
frxReg.pas(26) 
frxReg.pas(26) 
frxReg.pas(26) 
frxReg.pas(26) 
frxReg.pas(26) 
frxReg.pas(26) 
frxReg.pas(26) 
frxReg.pas(26) 
frxReg.pas(26) 
frxReg.pas(26) 
frxReg.pas(26) 
frxReg.pas(30) 
frxReg.pas(30) 
frxReg.pas(30) 
frxReg.pas(30) 
frxReg.pas(30) 
frxReg.pas(30) 
frxReg.pas(30) 
frxReg.pas(35) 
frxReg.pas(35) 
frxReg.pas(35) 
frxReg.pas(35) 
frxReg.pas(35) 
frxReg.pas(35) 
frxReg.pas(35) 
frxReg.pas(35) 
frxReg.pas(35) 
frxReg.pas(35) 
frxReg.pas(35) 
frxReg.pas(35) 
frxReg.pas(35) 
frxReg.pas(35) 
frxReg.pas(35) 
frxReg.pas(35) 
frxReg.pas(35) 
frxReg.pas(35) 
frxReg.pas(35) 
frxReg.pas(35) 
frxReg.pas(35) 
frxReg.pas(35) 
frxReg.pas(35) 
frxReg.pas(35) 
frxReg.pas(35) 
frxReg.pas(35) 
frxReg.pas(35) 
frxReg.pas(35) 
frxReg.pas(35) 
frxReg.pas(35) 
frxReg.pas(35) 
frxReg.pas(35) 
frxReg.pas(35) 
frxReg.pas(35) 
frxReg.pas(35) 
frxReg.pas(35) 
frxReg.pas(35) 
frxReg.pas(35) 
frxReg.pas(35) 
frxReg.pas(35) 
frxReg.pas(35) 
frxReg.pas(35) 
frxReg.pas(35) 
frxReg.pas(35) 
frxReg.pas(35) 
frxReg.pas(35) 
frxReg.pas(35) 
frxReg.pas(35) 
frxReg.pas(35) 
frxReg.pas(35) 
frxReg.pas(35) 
frxReg.pas(35) 
frxReg.pas(35) 
frxReg.pas(35) 
frxReg.pas(35) 
frxReg.pas(35) 
frxReg.pas(35) 
frxReg.pas(35) 
frxReg.pas(35) 
frxReg.pas(36) 
frxReg.pas(36) 
frxReg.pas(36) 
frxReg.pas(36) 
frxReg.pas(36) 
frxReg.pas(37) 
frxReg.pas(37) 
frxReg.pas(37) 
frxReg.pas(37) 
frxReg.pas(37) 
frxReg.pas(37) 
frxReg.pas(37) 
frxReg.pas(37) 
frxReg.pas(37) 
frxReg.pas(37) 
frxReg.pas(37) 
frxReg.pas(37) 
frxReg.pas(37) 
frxReg.pas(37) 
frxReg.pas(37) 
frxReg.pas(37) 
frxReg.pas(37) 
frxReg.pas(37) 
frxReg.pas(37) 
frxReg.pas(37) 
frxReg.pas(37) 
frxReg.pas(37) 
frxReg.pas(37) 
frxReg.pas(37) 
frxReg.pas(37) 
frxReg.pas(37) 
frxReg.pas(37) 
frxReg.pas(37) 
frxReg.pas(37) 
frxReg.pas(37) 
frxReg.pas(37) 
frxReg.pas(37) 
frxReg.pas(37) 
frxReg.pas(37) 
frxReg.pas(37) 
frxReg.pas(37) 
frxReg.pas(37) 
frxReg.pas(37) 
frxReg.pas(37) 
frxReg.pas(37) 
frxReg.pas(37) 
frxReg.pas(37) 
frxReg.pas(37) 
frxReg.pas(37) 
frxReg.pas(37) 
frxReg.pas(37) 
frxReg.pas(37) 
frxReg.pas(37) 
frxReg.pas(37) 
frxReg.pas(37) 
frxReg.pas(37) 
frxReg.pas(37) 
frxReg.pas(37) 
frxReg.pas(37) 
frxReg.pas(37) 
frxReg.pas(37) 
frxReg.pas(37) 
frxReg.pas(38) 
frxReg.pas(38) 
frxReg.pas(38) 
frxReg.pas(38) 
frxReg.pas(38) 
frxReg.pas(40) 
frxReg.pas(40) 
frxReg.pas(40) 
frxReg.pas(40) 
frxReg.pas(42) 
frxReg.pas(42) 
frxReg.pas(42) 
frxReg.pas(42) 
frxReg.pas(42) 
frxReg.pas(42) 
frxReg.pas(42) 
frxReg.pas(42) 
frxReg.pas(43) 
frxReg.pas(43) 
frxReg.pas(43) 
frxReg.pas(43) 
frxReg.pas(43) 
frxReg.pas(43) 
frxReg.pas(43) 
frxReg.pas(43) 
frxReg.pas(46) 
frxReg.pas(146) 

dclfrx7.dpk(38) 
dclfrx7.dpk(40) 
dclfrx7.dpk(41) 
420 lines, 0.11 seconds, 6852 bytes code, 125 bytes data.

D:\Delphi\DbBase_Component\FastReport4\RES\Russian>cd /d "D:\Delphi\DbBase_Component\FastReport4\LibD7\" 

D:\Delphi\DbBase_Component\FastReport4\LibD7>"C:\Program Files\Borland\Delphi7\Bin\dcc32.exe" dclfrxe7.dpk -M -Z -DTeeChartStd;QBUILDER 
Borland Delphi Version 15.0
Copyright (c) 1983,2002 Borland Software Corporation

dclfrxe7.dpk(1) 
dclfrxe7.dpk(34) 
dclfrxe7.dpk(35) 
dclfrxe7.dpk(37) 
dclfrxe7.dpk(37) 
dclfrxe7.dpk(37) 
dclfrxe7.dpk(38) 
frxeReg.pas(1)   
frx.inc(232)   

frxeReg.pas(25) 
frxeReg.pas(25) 
frxeReg.pas(25) 
frxeReg.pas(25) 
frxeReg.pas(25) 
frxeReg.pas(25) 
frxeReg.pas(25) 
frxeReg.pas(25) 
frxeReg.pas(25) 
frxeReg.pas(25) 
frxeReg.pas(25) 
frxeReg.pas(25) 
frxeReg.pas(25) 
frxeReg.pas(25) 
frxeReg.pas(25) 
frxeReg.pas(25) 
frxeReg.pas(25) 
frxeReg.pas(25) 
frxeReg.pas(25) 
frxeReg.pas(25) 
frxeReg.pas(25) 
frxeReg.pas(25) 
frxeReg.pas(25) 
frxeReg.pas(25) 
frxeReg.pas(25) 
frxeReg.pas(25) 
frxeReg.pas(25) 
frxeReg.pas(25) 
frxeReg.pas(25) 
frxeReg.pas(25) 
frxeReg.pas(25) 
frxeReg.pas(25) 
frxeReg.pas(25) 
frxeReg.pas(25) 
frxeReg.pas(25) 
frxeReg.pas(25) 
frxeReg.pas(25) 
frxeReg.pas(25) 
frxeReg.pas(25) 
frxeReg.pas(25) 
frxeReg.pas(25) 
frxeReg.pas(25) 
frxeReg.pas(25) 
frxeReg.pas(25) 
frxeReg.pas(25) 
frxeReg.pas(25) 
frxeReg.pas(25) 
frxeReg.pas(25) 
frxeReg.pas(25) 
frxeReg.pas(25) 
frxeReg.pas(25) 
frxeReg.pas(25) 
frxeReg.pas(25) 
frxeReg.pas(25) 
frxeReg.pas(25) 
frxeReg.pas(25) 
frxeReg.pas(25) 
frxeReg.pas(25) 
frxeReg.pas(25) 
frxeReg.pas(25) 
frxeReg.pas(25) 
frxeReg.pas(29) 
frxeReg.pas(29) 
frxeReg.pas(29) 
frxeReg.pas(29) 
frxeReg.pas(29) 
frxeReg.pas(29) 
frxeReg.pas(29) 
frxeReg.pas(31) 
frxeReg.pas(31) 
frxeReg.pas(31) 
frxeReg.pas(31) 
frxeReg.pas(31) 
frxeReg.pas(31) 
frxeReg.pas(31) 
frxeReg.pas(31) 
frxeReg.pas(31) 
frxeReg.pas(31) 
frxeReg.pas(31) 
frxeReg.pas(31) 
frxeReg.pas(31) 
frxeReg.pas(31) 
frxeReg.pas(31) 
frxeReg.pas(31) 
frxeReg.pas(31) 
frxeReg.pas(31) 
frxeReg.pas(31) 
frxeReg.pas(31) 
frxeReg.pas(31) 
frxeReg.pas(31) 
frxeReg.pas(31) 
frxeReg.pas(31) 
frxeReg.pas(31) 
frxeReg.pas(31) 
frxeReg.pas(31) 
frxeReg.pas(31) 
frxeReg.pas(31) 
frxeReg.pas(31) 
frxeReg.pas(31) 
frxeReg.pas(31) 
frxeReg.pas(31) 
frxeReg.pas(31) 
frxeReg.pas(31) 
frxeReg.pas(31) 
frxeReg.pas(31) 
frxeReg.pas(31) 
frxeReg.pas(31) 
frxeReg.pas(31) 
frxeReg.pas(31) 
frxeReg.pas(31) 
frxeReg.pas(31) 
frxeReg.pas(31) 
frxeReg.pas(31) 
frxeReg.pas(31) 
frxeReg.pas(31) 
frxeReg.pas(31) 
frxeReg.pas(31) 
frxeReg.pas(31) 
frxeReg.pas(31) 
frxeReg.pas(31) 
frxeReg.pas(31) 
frxeReg.pas(31) 
frxeReg.pas(31) 
frxeReg.pas(31) 
frxeReg.pas(31) 
frxeReg.pas(31) 
frxeReg.pas(31) 
frxeReg.pas(31) 
frxeReg.pas(31) 
frxeReg.pas(31) 
frxeReg.pas(31) 
frxeReg.pas(31) 
frxeReg.pas(31) 
frxeReg.pas(31) 
frxeReg.pas(31) 
frxeReg.pas(31) 
frxeReg.pas(31) 
frxeReg.pas(31) 
frxeReg.pas(31) 
frxeReg.pas(31) 
frxeReg.pas(31) 
frxeReg.pas(32) 
frxeReg.pas(32) 
frxeReg.pas(32) 
frxeReg.pas(32) 
frxeReg.pas(32) 
frxeReg.pas(32) 
frxeReg.pas(32) 
frxeReg.pas(32) 
frxeReg.pas(32) 
frxeReg.pas(32) 
frxeReg.pas(32) 
frxeReg.pas(32) 
frxeReg.pas(32) 
frxeReg.pas(32) 
frxeReg.pas(32) 
frxeReg.pas(32) 
frxeReg.pas(32) 
frxeReg.pas(33) 
frxeReg.pas(33) 
frxeReg.pas(33) 
frxeReg.pas(37) 
frxeReg.pas(47) 

dclfrxe7.dpk(38) 
dclfrxe7.dpk(40) 
dclfrxe7.dpk(41) 
321 lines, 0.09 seconds, 4860 bytes code, 121 bytes data.
